2025-07-03T06:52:53.957-04:00  INFO 10212 --- [GPS Tracker Application] [restartedMain] c.a.gpstracker.GpsTrackerApplication     : Starting GpsTrackerApplication using Java 21.0.4 with PID 10212 (B:\Programas\Proyectos\Gps-Tracker\target\classes started by arojas in B:\Programas\Proyectos\Gps-Tracker)
2025-07-03T06:52:53.960-04:00 DEBUG 10212 --- [GPS Tracker Application] [restartedMain] c.a.gpstracker.GpsTrackerApplication     : Running with Spring Boot v3.5.3, Spring v6.2.8
2025-07-03T06:52:53.961-04:00  INFO 10212 --- [GPS Tracker Application] [restartedMain] c.a.gpstracker.GpsTrackerApplication     : No active profile set, falling back to 1 default profile: "default"
2025-07-03T06:52:53.988-04:00  INFO 10212 --- [GPS Tracker Application] [restartedMain] .e.DevToolsPropertyDefaultsPostProcessor : Devtools property defaults active! Set 'spring.devtools.add-properties' to 'false' to disable
2025-07-03T06:52:53.988-04:00  INFO 10212 --- [GPS Tracker Application] [restartedMain] .e.DevToolsPropertyDefaultsPostProcessor : For additional web related logging consider setting the 'logging.level.web' property to 'DEBUG'
2025-07-03T06:52:54.619-04:00  INFO 10212 --- [GPS Tracker Application] [restartedMain] .s.d.r.c.RepositoryConfigurationDelegate : Multiple Spring Data modules found, entering strict repository configuration mode
2025-07-03T06:52:54.620-04:00  INFO 10212 --- [GPS Tracker Application] [restartedMain] .s.d.r.c.RepositoryConfigurationDelegate : Bootstrapping Spring Data JPA repositories in DEFAULT mode.
2025-07-03T06:52:54.694-04:00  INFO 10212 --- [GPS Tracker Application] [restartedMain] .s.d.r.c.RepositoryConfigurationDelegate : Finished Spring Data repository scanning in 68 ms. Found 5 JPA repository interfaces.
2025-07-03T06:52:54.700-04:00  INFO 10212 --- [GPS Tracker Application] [restartedMain] .s.d.r.c.RepositoryConfigurationDelegate : Multiple Spring Data modules found, entering strict repository configuration mode
2025-07-03T06:52:54.700-04:00  INFO 10212 --- [GPS Tracker Application] [restartedMain] .s.d.r.c.RepositoryConfigurationDelegate : Bootstrapping Spring Data Redis repositories in DEFAULT mode.
2025-07-03T06:52:54.707-04:00  INFO 10212 --- [GPS Tracker Application] [restartedMain] .RepositoryConfigurationExtensionSupport : Spring Data Redis - Could not safely identify store assignment for repository candidate interface com.arojas.gpstracker.repositories.AlertRepository; If you want this repository to be a Redis repository, consider annotating your entities with one of these annotations: org.springframework.data.redis.core.RedisHash (preferred), or consider extending one of the following types with your repository: org.springframework.data.keyvalue.repository.KeyValueRepository
2025-07-03T06:52:54.707-04:00  INFO 10212 --- [GPS Tracker Application] [restartedMain] .RepositoryConfigurationExtensionSupport : Spring Data Redis - Could not safely identify store assignment for repository candidate interface com.arojas.gpstracker.repositories.DeviceRepository; If you want this repository to be a Redis repository, consider annotating your entities with one of these annotations: org.springframework.data.redis.core.RedisHash (preferred), or consider extending one of the following types with your repository: org.springframework.data.keyvalue.repository.KeyValueRepository
2025-07-03T06:52:54.708-04:00  INFO 10212 --- [GPS Tracker Application] [restartedMain] .RepositoryConfigurationExtensionSupport : Spring Data Redis - Could not safely identify store assignment for repository candidate interface com.arojas.gpstracker.repositories.GpsEventRepository; If you want this repository to be a Redis repository, consider annotating your entities with one of these annotations: org.springframework.data.redis.core.RedisHash (preferred), or consider extending one of the following types with your repository: org.springframework.data.keyvalue.repository.KeyValueRepository
2025-07-03T06:52:54.708-04:00  INFO 10212 --- [GPS Tracker Application] [restartedMain] .RepositoryConfigurationExtensionSupport : Spring Data Redis - Could not safely identify store assignment for repository candidate interface com.arojas.gpstracker.repositories.GpsLocationRepository; If you want this repository to be a Redis repository, consider annotating your entities with one of these annotations: org.springframework.data.redis.core.RedisHash (preferred), or consider extending one of the following types with your repository: org.springframework.data.keyvalue.repository.KeyValueRepository
2025-07-03T06:52:54.709-04:00  INFO 10212 --- [GPS Tracker Application] [restartedMain] .RepositoryConfigurationExtensionSupport : Spring Data Redis - Could not safely identify store assignment for repository candidate interface com.arojas.gpstracker.repositories.UserRepository; If you want this repository to be a Redis repository, consider annotating your entities with one of these annotations: org.springframework.data.redis.core.RedisHash (preferred), or consider extending one of the following types with your repository: org.springframework.data.keyvalue.repository.KeyValueRepository
2025-07-03T06:52:54.709-04:00  INFO 10212 --- [GPS Tracker Application] [restartedMain] .s.d.r.c.RepositoryConfigurationDelegate : Finished Spring Data repository scanning in 4 ms. Found 0 Redis repository interfaces.
2025-07-03T06:52:55.261-04:00  INFO 10212 --- [GPS Tracker Application] [restartedMain] o.s.b.w.embedded.tomcat.TomcatWebServer  : Tomcat initialized with port 8080 (http)
2025-07-03T06:52:55.269-04:00  INFO 10212 --- [GPS Tracker Application] [restartedMain] o.apache.catalina.core.StandardService   : Starting service [Tomcat]
2025-07-03T06:52:55.269-04:00  INFO 10212 --- [GPS Tracker Application] [restartedMain] o.apache.catalina.core.StandardEngine    : Starting Servlet engine: [Apache Tomcat/10.1.42]
2025-07-03T06:52:55.300-04:00  INFO 10212 --- [GPS Tracker Application] [restartedMain] o.a.c.c.C.[Tomcat].[localhost].[/]       : Initializing Spring embedded WebApplicationContext
2025-07-03T06:52:55.300-04:00  INFO 10212 --- [GPS Tracker Application] [restartedMain] w.s.c.ServletWebServerApplicationContext : Root WebApplicationContext: initialization completed in 1312 ms
2025-07-03T06:52:55.509-04:00  INFO 10212 --- [GPS Tracker Application] [restartedMain] o.hibernate.jpa.internal.util.LogHelper  : HHH000204: Processing PersistenceUnitInfo [name: default]
2025-07-03T06:52:55.532-04:00  INFO 10212 --- [GPS Tracker Application] [restartedMain] org.hibernate.Version                    : HHH000412: Hibernate ORM core version 6.6.18.Final
2025-07-03T06:52:55.552-04:00  INFO 10212 --- [GPS Tracker Application] [restartedMain] o.h.c.internal.RegionFactoryInitiator    : HHH000026: Second-level cache disabled
2025-07-03T06:52:55.673-04:00  INFO 10212 --- [GPS Tracker Application] [restartedMain] o.s.o.j.p.SpringPersistenceUnitInfo      : No LoadTimeWeaver setup: ignoring JPA class transformer
2025-07-03T06:52:55.687-04:00  INFO 10212 --- [GPS Tracker Application] [restartedMain] com.zaxxer.hikari.HikariDataSource       : HikariPool-1 - Starting...
2025-07-03T06:52:56.580-04:00  INFO 10212 --- [GPS Tracker Application] [restartedMain] com.zaxxer.hikari.pool.HikariPool        : HikariPool-1 - Added connection com.mysql.cj.jdbc.ConnectionImpl@42f63d7a
2025-07-03T06:52:56.580-04:00  INFO 10212 --- [GPS Tracker Application] [restartedMain] com.zaxxer.hikari.HikariDataSource       : HikariPool-1 - Start completed.
2025-07-03T06:52:56.824-04:00  WARN 10212 --- [GPS Tracker Application] [restartedMain] org.hibernate.orm.deprecation            : HHH90000025: MySQL8Dialect does not need to be specified explicitly using 'hibernate.dialect' (remove the property setting and it will be selected by default)
2025-07-03T06:52:56.825-04:00  WARN 10212 --- [GPS Tracker Application] [restartedMain] org.hibernate.orm.deprecation            : HHH90000026: MySQL8Dialect has been deprecated; use org.hibernate.dialect.MySQLDialect instead
2025-07-03T06:52:56.833-04:00  INFO 10212 --- [GPS Tracker Application] [restartedMain] org.hibernate.orm.connections.pooling    : HHH10001005: Database info:
	Database JDBC URL [Connecting through datasource 'HikariDataSource (HikariPool-1)']
	Database driver: undefined/unknown
	Database version: 8.0
	Autocommit mode: undefined/unknown
	Isolation level: undefined/unknown
	Minimum pool size: undefined/unknown
	Maximum pool size: undefined/unknown
2025-07-03T06:52:57.310-04:00  INFO 10212 --- [GPS Tracker Application] [restartedMain] o.h.e.t.j.p.i.JtaPlatformInitiator       : HHH000489: No JTA platform available (set 'hibernate.transaction.jta.platform' to enable JTA platform integration)
2025-07-03T06:52:59.020-04:00 DEBUG 10212 --- [GPS Tracker Application] [restartedMain] org.hibernate.SQL                        : 
    create table alerts (
        id bigint not null auto_increment,
        created_at datetime(6),
        message varchar(255) not null,
        resolved bit not null,
        resolved_at datetime(6),
        type enum ('DEVICE_OFFLINE','DEVICE_ON_TOO_LONG','LOCATION_OUT_OF_BOUNDS','OTHER') not null,
        device_id bigint,
        primary key (id)
    ) engine=InnoDB
2025-07-03T06:52:59.566-04:00 DEBUG 10212 --- [GPS Tracker Application] [restartedMain] org.hibernate.SQL                        : 
    create table devices (
        id bigint not null auto_increment,
        activated bit,
        alias varchar(255),
        created_at datetime(6),
        device_identifier varchar(255) not null,
        user_id bigint,
        primary key (id)
    ) engine=InnoDB
2025-07-03T06:53:00.508-04:00 DEBUG 10212 --- [GPS Tracker Application] [restartedMain] org.hibernate.SQL                        : 
    create table gps_events (
        id bigint not null auto_increment,
        event_type enum ('OFF','ON') not null,
        timestamp datetime(6),
        device_id bigint,
        primary key (id)
    ) engine=InnoDB
2025-07-03T06:53:01.170-04:00 DEBUG 10212 --- [GPS Tracker Application] [restartedMain] org.hibernate.SQL                        : 
    create table gps_locations (
        id bigint not null auto_increment,
        latitude float(53) not null,
        longitude float(53) not null,
        timestamp datetime(6),
        device_id bigint,
        primary key (id)
    ) engine=InnoDB
2025-07-03T06:53:02.052-04:00 DEBUG 10212 --- [GPS Tracker Application] [restartedMain] org.hibernate.SQL                        : 
    create table users (
        id bigint not null auto_increment,
        created_at datetime(6),
        updated_at datetime(6),
        email varchar(255) not null,
        full_name varchar(100) not null,
        password varchar(255) not null,
        primary key (id)
    ) engine=InnoDB
2025-07-03T06:53:02.550-04:00 DEBUG 10212 --- [GPS Tracker Application] [restartedMain] org.hibernate.SQL                        : 
    alter table devices 
       drop index UKr7u98w36srv5m9p8w53bsixkv
2025-07-03T06:53:02.573-04:00 DEBUG 10212 --- [GPS Tracker Application] [restartedMain] org.hibernate.SQL                        : 
    alter table devices 
       add constraint UKr7u98w36srv5m9p8w53bsixkv unique (device_identifier)
2025-07-03T06:53:02.895-04:00 DEBUG 10212 --- [GPS Tracker Application] [restartedMain] org.hibernate.SQL                        : 
    create index idx_device_id_timestamp 
       on gps_locations (device_id, timestamp)
2025-07-03T06:53:03.162-04:00 DEBUG 10212 --- [GPS Tracker Application] [restartedMain] org.hibernate.SQL                        : 
    alter table users 
       drop index UK6dotkott2kjsp8vw4d0m25fb7
2025-07-03T06:53:03.168-04:00 DEBUG 10212 --- [GPS Tracker Application] [restartedMain] org.hibernate.SQL                        : 
    alter table users 
       add constraint UK6dotkott2kjsp8vw4d0m25fb7 unique (email)
2025-07-03T06:53:03.663-04:00 DEBUG 10212 --- [GPS Tracker Application] [restartedMain] org.hibernate.SQL                        : 
    alter table alerts 
       add constraint FKf6y42xr4y08qk04o13h6wwj47 
       foreign key (device_id) 
       references devices (id)
2025-07-03T06:53:05.280-04:00 DEBUG 10212 --- [GPS Tracker Application] [restartedMain] org.hibernate.SQL                        : 
    alter table devices 
       add constraint FKrfbri1ymrwywdydc4dgywe1bt 
       foreign key (user_id) 
       references users (id)
2025-07-03T06:53:06.802-04:00 DEBUG 10212 --- [GPS Tracker Application] [restartedMain] org.hibernate.SQL                        : 
    alter table gps_events 
       add constraint FKq2ievmbfdybehlbnbtpqslsvq 
       foreign key (device_id) 
       references devices (id)
2025-07-03T06:53:08.024-04:00 DEBUG 10212 --- [GPS Tracker Application] [restartedMain] org.hibernate.SQL                        : 
    alter table gps_locations 
       add constraint FKqd233i1i7wfonbtjihg2gyvau 
       foreign key (device_id) 
       references devices (id)
2025-07-03T06:53:09.281-04:00  INFO 10212 --- [GPS Tracker Application] [restartedMain] j.LocalContainerEntityManagerFactoryBean : Initialized JPA EntityManagerFactory for persistence unit 'default'
2025-07-03T06:53:09.489-04:00 DEBUG 10212 --- [GPS Tracker Application] [restartedMain] c.arojas.gpstracker.security.JwtFilter   : Filter 'jwtFilter' configured for use
2025-07-03T06:53:09.549-04:00  INFO 10212 --- [GPS Tracker Application] [restartedMain] o.s.d.j.r.query.QueryEnhancerFactory     : Hibernate is in classpath; If applicable, HQL parser will be used.
2025-07-03T06:53:10.353-04:00  INFO 10212 --- [GPS Tracker Application] [restartedMain] r$InitializeUserDetailsManagerConfigurer : Global AuthenticationManager configured with UserDetailsService bean with name customUserDetailsService
2025-07-03T06:53:10.806-04:00  INFO 10212 --- [GPS Tracker Application] [restartedMain] o.s.b.a.e.web.EndpointLinksResolver      : Exposing 3 endpoints beneath base path '/actuator'
2025-07-03T06:53:11.523-04:00  INFO 10212 --- [GPS Tracker Application] [restartedMain] o.s.b.d.a.OptionalLiveReloadServer       : LiveReload server is running on port 35729
2025-07-03T06:53:11.577-04:00  INFO 10212 --- [GPS Tracker Application] [restartedMain] o.s.m.s.b.SimpleBrokerMessageHandler     : Starting...
2025-07-03T06:53:11.578-04:00  INFO 10212 --- [GPS Tracker Application] [restartedMain] o.s.m.s.b.SimpleBrokerMessageHandler     : BrokerAvailabilityEvent[available=true, SimpleBrokerMessageHandler [org.springframework.messaging.simp.broker.DefaultSubscriptionRegistry@579cbf7c]]
2025-07-03T06:53:11.578-04:00  INFO 10212 --- [GPS Tracker Application] [restartedMain] o.s.m.s.b.SimpleBrokerMessageHandler     : Started.
2025-07-03T06:53:11.588-04:00  INFO 10212 --- [GPS Tracker Application] [restartedMain] o.s.b.w.embedded.tomcat.TomcatWebServer  : Tomcat started on port 8080 (http) with context path '/'
2025-07-03T06:53:11.609-04:00  INFO 10212 --- [GPS Tracker Application] [restartedMain] o.a.k.clients.consumer.ConsumerConfig    : ConsumerConfig values: 
	allow.auto.create.topics = true
	auto.commit.interval.ms = 5000
	auto.include.jmx.reporter = true
	auto.offset.reset = earliest
	bootstrap.servers = [localhost:9092]
	check.crcs = true
	client.dns.lookup = use_all_dns_ips
	client.id = consumer-gps-tracker-group-1
	client.rack = 
	connections.max.idle.ms = 540000
	default.api.timeout.ms = 60000
	enable.auto.commit = false
	enable.metrics.push = true
	exclude.internal.topics = true
	fetch.max.bytes = 52428800
	fetch.max.wait.ms = 500
	fetch.min.bytes = 1
	group.id = gps-tracker-group
	group.instance.id = null
	group.protocol = classic
	group.remote.assignor = null
	heartbeat.interval.ms = 3000
	interceptor.classes = []
	internal.leave.group.on.close = true
	internal.throw.on.fetch.stable.offset.unsupported = false
	isolation.level = read_uncommitted
	key.deserializer = class org.apache.kafka.common.serialization.StringDeserializer
	max.partition.fetch.bytes = 1048576
	max.poll.interval.ms = 300000
	max.poll.records = 500
	metadata.max.age.ms = 300000
	metadata.recovery.strategy = none
	metric.reporters = []
	metrics.num.samples = 2
	metrics.recording.level = INFO
	metrics.sample.window.ms = 30000
	partition.assignment.strategy = [class org.apache.kafka.clients.consumer.RangeAssignor, class org.apache.kafka.clients.consumer.CooperativeStickyAssignor]
	receive.buffer.bytes = 65536
	reconnect.backoff.max.ms = 1000
	reconnect.backoff.ms = 50
	request.timeout.ms = 30000
	retry.backoff.max.ms = 1000
	retry.backoff.ms = 100
	sasl.client.callback.handler.class = null
	sasl.jaas.config = null
	sasl.kerberos.kinit.cmd = /usr/bin/kinit
	sasl.kerberos.min.time.before.relogin = 60000
	sasl.kerberos.service.name = null
	sasl.kerberos.ticket.renew.jitter = 0.05
	sasl.kerberos.ticket.renew.window.factor = 0.8
	sasl.login.callback.handler.class = null
	sasl.login.class = null
	sasl.login.connect.timeout.ms = null
	sasl.login.read.timeout.ms = null
	sasl.login.refresh.buffer.seconds = 300
	sasl.login.refresh.min.period.seconds = 60
	sasl.login.refresh.window.factor = 0.8
	sasl.login.refresh.window.jitter = 0.05
	sasl.login.retry.backoff.max.ms = 10000
	sasl.login.retry.backoff.ms = 100
	sasl.mechanism = GSSAPI
	sasl.oauthbearer.clock.skew.seconds = 30
	sasl.oauthbearer.expected.audience = null
	sasl.oauthbearer.expected.issuer = null
	sasl.oauthbearer.header.urlencode = false
	sasl.oauthbearer.jwks.endpoint.refresh.ms = 3600000
	sasl.oauthbearer.jwks.endpoint.retry.backoff.max.ms = 10000
	sasl.oauthbearer.jwks.endpoint.retry.backoff.ms = 100
	sasl.oauthbearer.jwks.endpoint.url = null
	sasl.oauthbearer.scope.claim.name = scope
	sasl.oauthbearer.sub.claim.name = sub
	sasl.oauthbearer.token.endpoint.url = null
	security.protocol = PLAINTEXT
	security.providers = null
	send.buffer.bytes = 131072
	session.timeout.ms = 45000
	socket.connection.setup.timeout.max.ms = 30000
	socket.connection.setup.timeout.ms = 10000
	ssl.cipher.suites = null
	ssl.enabled.protocols = [TLSv1.2, TLSv1.3]
	ssl.endpoint.identification.algorithm = https
	ssl.engine.factory.class = null
	ssl.key.password = null
	ssl.keymanager.algorithm = SunX509
	ssl.keystore.certificate.chain = null
	ssl.keystore.key = null
	ssl.keystore.location = null
	ssl.keystore.password = null
	ssl.keystore.type = JKS
	ssl.protocol = TLSv1.3
	ssl.provider = null
	ssl.secure.random.implementation = null
	ssl.trustmanager.algorithm = PKIX
	ssl.truststore.certificates = null
	ssl.truststore.location = null
	ssl.truststore.password = null
	ssl.truststore.type = JKS
	value.deserializer = class org.springframework.kafka.support.serializer.JsonDeserializer

2025-07-03T06:53:11.635-04:00  INFO 10212 --- [GPS Tracker Application] [restartedMain] o.a.k.c.t.i.KafkaMetricsCollector        : initializing Kafka metrics collector
2025-07-03T06:53:11.711-04:00  INFO 10212 --- [GPS Tracker Application] [restartedMain] o.a.kafka.common.utils.AppInfoParser     : Kafka version: 3.9.1
2025-07-03T06:53:11.711-04:00  INFO 10212 --- [GPS Tracker Application] [restartedMain] o.a.kafka.common.utils.AppInfoParser     : Kafka commitId: f745dfdcee2b9851
2025-07-03T06:53:11.711-04:00  INFO 10212 --- [GPS Tracker Application] [restartedMain] o.a.kafka.common.utils.AppInfoParser     : Kafka startTimeMs: 1751539991710
2025-07-03T06:53:11.716-04:00  INFO 10212 --- [GPS Tracker Application] [restartedMain] o.a.k.c.c.i.ClassicKafkaConsumer         : [Consumer clientId=consumer-gps-tracker-group-1, groupId=gps-tracker-group] Subscribed to topic(s): gps-locations
2025-07-03T06:53:11.728-04:00  INFO 10212 --- [GPS Tracker Application] [restartedMain] c.a.gpstracker.GpsTrackerApplication     : Started GpsTrackerApplication in 17.997 seconds (process running for 18.247)
2025-07-03T06:53:11.733-04:00  INFO 10212 --- [GPS Tracker Application] [restartedMain] c.a.gpstracker.config.DataInitializer    : Initializing database with stored procedures and sample data
2025-07-03T06:53:11.861-04:00  INFO 10212 --- [GPS Tracker Application] [org.springframework.kafka.KafkaListenerEndpointContainer#0-0-C-1] org.apache.kafka.clients.NetworkClient   : [Consumer clientId=consumer-gps-tracker-group-1, groupId=gps-tracker-group] Node -1 disconnected.
2025-07-03T06:53:11.862-04:00  WARN 10212 --- [GPS Tracker Application] [org.springframework.kafka.KafkaListenerEndpointContainer#0-0-C-1] org.apache.kafka.clients.NetworkClient   : [Consumer clientId=consumer-gps-tracker-group-1, groupId=gps-tracker-group] Connection to node -1 (localhost/127.0.0.1:9092) could not be established. Node may not be available.
2025-07-03T06:53:11.862-04:00  WARN 10212 --- [GPS Tracker Application] [org.springframework.kafka.KafkaListenerEndpointContainer#0-0-C-1] org.apache.kafka.clients.NetworkClient   : [Consumer clientId=consumer-gps-tracker-group-1, groupId=gps-tracker-group] Bootstrap broker localhost:9092 (id: -1 rack: null) disconnected
2025-07-03T06:53:11.917-04:00  INFO 10212 --- [GPS Tracker Application] [restartedMain] c.a.gpstracker.config.DataInitializer    : Created stored procedure: insert_location
2025-07-03T06:53:11.948-04:00  INFO 10212 --- [GPS Tracker Application] [org.springframework.kafka.KafkaListenerEndpointContainer#0-0-C-1] org.apache.kafka.clients.NetworkClient   : [Consumer clientId=consumer-gps-tracker-group-1, groupId=gps-tracker-group] Node -1 disconnected.
2025-07-03T06:53:11.949-04:00  WARN 10212 --- [GPS Tracker Application] [org.springframework.kafka.KafkaListenerEndpointContainer#0-0-C-1] org.apache.kafka.clients.NetworkClient   : [Consumer clientId=consumer-gps-tracker-group-1, groupId=gps-tracker-group] Connection to node -1 (localhost/127.0.0.1:9092) could not be established. Node may not be available.
2025-07-03T06:53:11.949-04:00  WARN 10212 --- [GPS Tracker Application] [org.springframework.kafka.KafkaListenerEndpointContainer#0-0-C-1] org.apache.kafka.clients.NetworkClient   : [Consumer clientId=consumer-gps-tracker-group-1, groupId=gps-tracker-group] Bootstrap broker localhost:9092 (id: -1 rack: null) disconnected
2025-07-03T06:53:12.072-04:00  INFO 10212 --- [GPS Tracker Application] [org.springframework.kafka.KafkaListenerEndpointContainer#0-0-C-1] org.apache.kafka.clients.NetworkClient   : [Consumer clientId=consumer-gps-tracker-group-1, groupId=gps-tracker-group] Node -1 disconnected.
2025-07-03T06:53:12.073-04:00  WARN 10212 --- [GPS Tracker Application] [org.springframework.kafka.KafkaListenerEndpointContainer#0-0-C-1] org.apache.kafka.clients.NetworkClient   : [Consumer clientId=consumer-gps-tracker-group-1, groupId=gps-tracker-group] Connection to node -1 (localhost/127.0.0.1:9092) could not be established. Node may not be available.
2025-07-03T06:53:12.073-04:00  WARN 10212 --- [GPS Tracker Application] [org.springframework.kafka.KafkaListenerEndpointContainer#0-0-C-1] org.apache.kafka.clients.NetworkClient   : [Consumer clientId=consumer-gps-tracker-group-1, groupId=gps-tracker-group] Bootstrap broker localhost:9092 (id: -1 rack: null) disconnected
2025-07-03T06:53:12.307-04:00  INFO 10212 --- [GPS Tracker Application] [org.springframework.kafka.KafkaListenerEndpointContainer#0-0-C-1] org.apache.kafka.clients.NetworkClient   : [Consumer clientId=consumer-gps-tracker-group-1, groupId=gps-tracker-group] Node -1 disconnected.
2025-07-03T06:53:12.308-04:00  WARN 10212 --- [GPS Tracker Application] [org.springframework.kafka.KafkaListenerEndpointContainer#0-0-C-1] org.apache.kafka.clients.NetworkClient   : [Consumer clientId=consumer-gps-tracker-group-1, groupId=gps-tracker-group] Connection to node -1 (localhost/127.0.0.1:9092) could not be established. Node may not be available.
2025-07-03T06:53:12.308-04:00  WARN 10212 --- [GPS Tracker Application] [org.springframework.kafka.KafkaListenerEndpointContainer#0-0-C-1] org.apache.kafka.clients.NetworkClient   : [Consumer clientId=consumer-gps-tracker-group-1, groupId=gps-tracker-group] Bootstrap broker localhost:9092 (id: -1 rack: null) disconnected
2025-07-03T06:53:12.400-04:00  INFO 10212 --- [GPS Tracker Application] [restartedMain] c.a.gpstracker.config.DataInitializer    : Created stored procedure: insert_alert
2025-07-03T06:53:12.789-04:00  INFO 10212 --- [GPS Tracker Application] [org.springframework.kafka.KafkaListenerEndpointContainer#0-0-C-1] org.apache.kafka.clients.NetworkClient   : [Consumer clientId=consumer-gps-tracker-group-1, groupId=gps-tracker-group] Node -1 disconnected.
2025-07-03T06:53:12.790-04:00  WARN 10212 --- [GPS Tracker Application] [org.springframework.kafka.KafkaListenerEndpointContainer#0-0-C-1] org.apache.kafka.clients.NetworkClient   : [Consumer clientId=consumer-gps-tracker-group-1, groupId=gps-tracker-group] Connection to node -1 (localhost/127.0.0.1:9092) could not be established. Node may not be available.
2025-07-03T06:53:12.790-04:00  WARN 10212 --- [GPS Tracker Application] [org.springframework.kafka.KafkaListenerEndpointContainer#0-0-C-1] org.apache.kafka.clients.NetworkClient   : [Consumer clientId=consumer-gps-tracker-group-1, groupId=gps-tracker-group] Bootstrap broker localhost:9092 (id: -1 rack: null) disconnected
2025-07-03T06:53:13.143-04:00  INFO 10212 --- [GPS Tracker Application] [restartedMain] c.a.gpstracker.config.DataInitializer    : Created stored procedure: insert_event
2025-07-03T06:53:13.175-04:00 DEBUG 10212 --- [GPS Tracker Application] [restartedMain] org.hibernate.SQL                        : 
    select
        count(*) 
    from
        users u1_0
2025-07-03T06:53:13.190-04:00  INFO 10212 --- [GPS Tracker Application] [restartedMain] c.a.gpstracker.config.DataInitializer    : No users found, initializing sample data
2025-07-03T06:53:13.268-04:00 DEBUG 10212 --- [GPS Tracker Application] [restartedMain] org.hibernate.SQL                        : 
    insert 
    into
        users
        (created_at, email, full_name, password, updated_at) 
    values
        (?, ?, ?, ?, ?)
2025-07-03T06:53:13.374-04:00  INFO 10212 --- [GPS Tracker Application] [restartedMain] c.a.gpstracker.config.DataInitializer    : Created sample user: test@example.com
2025-07-03T06:53:13.376-04:00 DEBUG 10212 --- [GPS Tracker Application] [restartedMain] org.hibernate.SQL                        : 
    insert 
    into
        devices
        (activated, alias, created_at, device_identifier, user_id) 
    values
        (?, ?, ?, ?, ?)
2025-07-03T06:53:13.515-04:00  INFO 10212 --- [GPS Tracker Application] [restartedMain] c.a.gpstracker.config.DataInitializer    : Created sample device: Test Device
2025-07-03T06:53:13.545-04:00 DEBUG 10212 --- [GPS Tracker Application] [restartedMain] org.hibernate.SQL                        : 
    {call insertLocation(?, ?, ?)}
2025-07-03T06:53:13.562-04:00  WARN 10212 --- [GPS Tracker Application] [restartedMain] o.h.engine.jdbc.spi.SqlExceptionHelper   : SQL Error: 1305, SQLState: 42000
2025-07-03T06:53:13.562-04:00 ERROR 10212 --- [GPS Tracker Application] [restartedMain] o.h.engine.jdbc.spi.SqlExceptionHelper   : PROCEDURE gps_tracker.insertLocation does not exist
2025-07-03T06:53:13.564-04:00 DEBUG 10212 --- [GPS Tracker Application] [restartedMain] org.hibernate.SQL                        : 
    {call insertLocation(?, ?, ?)}
2025-07-03T06:53:13.566-04:00 ERROR 10212 --- [GPS Tracker Application] [restartedMain] c.a.gpstracker.config.DataInitializer    : Error inserting sample locations: Error calling CallableStatement.getMoreResults [PROCEDURE gps_tracker.insertLocation does not exist] [HikariProxyCallableStatement@891171115 wrapping com.mysql.cj.jdbc.CallableStatement: CALL insertLocation(1,40.7128,-74.006)]; SQL [HikariProxyCallableStatement@891171115 wrapping com.mysql.cj.jdbc.CallableStatement: CALL insertLocation(1,40.7128,-74.006)]

org.springframework.dao.InvalidDataAccessResourceUsageException: Error calling CallableStatement.getMoreResults [PROCEDURE gps_tracker.insertLocation does not exist] [HikariProxyCallableStatement@891171115 wrapping com.mysql.cj.jdbc.CallableStatement: CALL insertLocation(1,40.7128,-74.006)]; SQL [HikariProxyCallableStatement@891171115 wrapping com.mysql.cj.jdbc.CallableStatement: CALL insertLocation(1,40.7128,-74.006)]
	at org.springframework.orm.jpa.vendor.HibernateJpaDialect.convertHibernateAccessException(HibernateJpaDialect.java:281) ~[spring-orm-6.2.8.jar:6.2.8]
	at org.springframework.orm.jpa.vendor.HibernateJpaDialect.convertHibernateAccessException(HibernateJpaDialect.java:256) ~[spring-orm-6.2.8.jar:6.2.8]
	at org.springframework.orm.jpa.vendor.HibernateJpaDialect.translateExceptionIfPossible(HibernateJpaDialect.java:241) ~[spring-orm-6.2.8.jar:6.2.8]
	at org.springframework.orm.jpa.AbstractEntityManagerFactoryBean.translateExceptionIfPossible(AbstractEntityManagerFactoryBean.java:560) ~[spring-orm-6.2.8.jar:6.2.8]
	at org.springframework.dao.support.ChainedPersistenceExceptionTranslator.translateExceptionIfPossible(ChainedPersistenceExceptionTranslator.java:61) ~[spring-tx-6.2.8.jar:6.2.8]
	at org.springframework.dao.support.DataAccessUtils.translateIfNecessary(DataAccessUtils.java:343) ~[spring-tx-6.2.8.jar:6.2.8]
	at org.springframework.dao.support.PersistenceExceptionTranslationInterceptor.invoke(PersistenceExceptionTranslationInterceptor.java:160) ~[spring-tx-6.2.8.jar:6.2.8]
	at org.springframework.aop.framework.ReflectiveMethodInvocation.proceed(ReflectiveMethodInvocation.java:184) ~[spring-aop-6.2.8.jar:6.2.8]
	at org.springframework.data.repository.core.support.SurroundingTransactionDetectorMethodInterceptor.invoke(SurroundingTransactionDetectorMethodInterceptor.java:57) ~[spring-data-commons-3.5.1.jar:3.5.1]
	at org.springframework.aop.framework.ReflectiveMethodInvocation.proceed(ReflectiveMethodInvocation.java:184) ~[spring-aop-6.2.8.jar:6.2.8]
	at org.springframework.data.jpa.repository.support.CrudMethodMetadataPostProcessor$CrudMethodMetadataPopulatingMethodInterceptor.invoke(CrudMethodMetadataPostProcessor.java:136) ~[spring-data-jpa-3.5.1.jar:3.5.1]
	at org.springframework.aop.framework.ReflectiveMethodInvocation.proceed(ReflectiveMethodInvocation.java:184) ~[spring-aop-6.2.8.jar:6.2.8]
	at org.springframework.aop.framework.JdkDynamicAopProxy.invoke(JdkDynamicAopProxy.java:223) ~[spring-aop-6.2.8.jar:6.2.8]
	at jdk.proxy4/jdk.proxy4.$Proxy201.insertLocation(Unknown Source) ~[na:na]
	at com.arojas.gpstracker.config.DataInitializer.initializeSampleData(DataInitializer.java:178) ~[classes/:na]
	at com.arojas.gpstracker.config.DataInitializer.lambda$0(DataInitializer.java:74) ~[classes/:na]
	at org.springframework.boot.SpringApplication.lambda$callRunner$5(SpringApplication.java:788) ~[spring-boot-3.5.3.jar:3.5.3]
	at org.springframework.util.function.ThrowingConsumer$1.acceptWithException(ThrowingConsumer.java:82) ~[spring-core-6.2.8.jar:6.2.8]
	at org.springframework.util.function.ThrowingConsumer.accept(ThrowingConsumer.java:60) ~[spring-core-6.2.8.jar:6.2.8]
	at org.springframework.util.function.ThrowingConsumer$1.accept(ThrowingConsumer.java:86) ~[spring-core-6.2.8.jar:6.2.8]
	at org.springframework.boot.SpringApplication.callRunner(SpringApplication.java:796) ~[spring-boot-3.5.3.jar:3.5.3]
	at org.springframework.boot.SpringApplication.callRunner(SpringApplication.java:787) ~[spring-boot-3.5.3.jar:3.5.3]
	at org.springframework.boot.SpringApplication.lambda$callRunners$3(SpringApplication.java:772) ~[spring-boot-3.5.3.jar:3.5.3]
	at java.base/java.util.stream.ForEachOps$ForEachOp$OfRef.accept(ForEachOps.java:184) ~[na:na]
	at java.base/java.util.stream.SortedOps$SizedRefSortingSink.end(SortedOps.java:357) ~[na:na]
	at java.base/java.util.stream.AbstractPipeline.copyInto(AbstractPipeline.java:510) ~[na:na]
	at java.base/java.util.stream.AbstractPipeline.wrapAndCopyInto(AbstractPipeline.java:499) ~[na:na]
	at java.base/java.util.stream.ForEachOps$ForEachOp.evaluateSequential(ForEachOps.java:151) ~[na:na]
	at java.base/java.util.stream.ForEachOps$ForEachOp$OfRef.evaluateSequential(ForEachOps.java:174) ~[na:na]
	at java.base/java.util.stream.AbstractPipeline.evaluate(AbstractPipeline.java:234) ~[na:na]
	at java.base/java.util.stream.ReferencePipeline.forEach(ReferencePipeline.java:596) ~[na:na]
	at org.springframework.boot.SpringApplication.callRunners(SpringApplication.java:772) ~[spring-boot-3.5.3.jar:3.5.3]
	at org.springframework.boot.SpringApplication.run(SpringApplication.java:325) ~[spring-boot-3.5.3.jar:3.5.3]
	at org.springframework.boot.SpringApplication.run(SpringApplication.java:1361) ~[spring-boot-3.5.3.jar:3.5.3]
	at org.springframework.boot.SpringApplication.run(SpringApplication.java:1350) ~[spring-boot-3.5.3.jar:3.5.3]
	at com.arojas.gpstracker.GpsTrackerApplication.main(GpsTrackerApplication.java:14) ~[classes/:na]
	at java.base/jdk.internal.reflect.DirectMethodHandleAccessor.invoke(DirectMethodHandleAccessor.java:103) ~[na:na]
	at java.base/java.lang.reflect.Method.invoke(Method.java:580) ~[na:na]
	at org.springframework.boot.devtools.restart.RestartLauncher.run(RestartLauncher.java:50) ~[spring-boot-devtools-3.5.3.jar:3.5.3]
Caused by: org.hibernate.exception.SQLGrammarException: Error calling CallableStatement.getMoreResults [PROCEDURE gps_tracker.insertLocation does not exist] [HikariProxyCallableStatement@891171115 wrapping com.mysql.cj.jdbc.CallableStatement: CALL insertLocation(1,40.7128,-74.006)]
	at org.hibernate.exception.internal.SQLExceptionTypeDelegate.convert(SQLExceptionTypeDelegate.java:66) ~[hibernate-core-6.6.18.Final.jar:6.6.18.Final]
	at org.hibernate.exception.internal.StandardSQLExceptionConverter.convert(StandardSQLExceptionConverter.java:58) ~[hibernate-core-6.6.18.Final.jar:6.6.18.Final]
	at org.hibernate.engine.jdbc.spi.SqlExceptionHelper.convert(SqlExceptionHelper.java:108) ~[hibernate-core-6.6.18.Final.jar:6.6.18.Final]
	at org.hibernate.result.internal.OutputsImpl.convert(OutputsImpl.java:113) ~[hibernate-core-6.6.18.Final.jar:6.6.18.Final]
	at org.hibernate.result.internal.OutputsImpl.executeStatement(OutputsImpl.java:86) ~[hibernate-core-6.6.18.Final.jar:6.6.18.Final]
	at org.hibernate.procedure.internal.ProcedureOutputsImpl.<init>(ProcedureOutputsImpl.java:50) ~[hibernate-core-6.6.18.Final.jar:6.6.18.Final]
	at org.hibernate.procedure.internal.ProcedureCallImpl.buildOutputs(ProcedureCallImpl.java:725) ~[hibernate-core-6.6.18.Final.jar:6.6.18.Final]
	at org.hibernate.procedure.internal.ProcedureCallImpl.getOutputs(ProcedureCallImpl.java:607) ~[hibernate-core-6.6.18.Final.jar:6.6.18.Final]
	at org.hibernate.procedure.internal.ProcedureCallImpl.outputs(ProcedureCallImpl.java:863) ~[hibernate-core-6.6.18.Final.jar:6.6.18.Final]
	at org.hibernate.procedure.internal.ProcedureCallImpl.execute(ProcedureCallImpl.java:847) ~[hibernate-core-6.6.18.Final.jar:6.6.18.Final]
	at java.base/jdk.internal.reflect.DirectMethodHandleAccessor.invoke(DirectMethodHandleAccessor.java:103) ~[na:na]
	at java.base/java.lang.reflect.Method.invoke(Method.java:580) ~[na:na]
	at org.springframework.orm.jpa.SharedEntityManagerCreator$DeferredQueryInvocationHandler.invoke(SharedEntityManagerCreator.java:419) ~[spring-orm-6.2.8.jar:6.2.8]
	at jdk.proxy4/jdk.proxy4.$Proxy229.execute(Unknown Source) ~[na:na]
	at org.springframework.data.jpa.repository.query.JpaQueryExecution$ProcedureExecution.doExecute(JpaQueryExecution.java:347) ~[spring-data-jpa-3.5.1.jar:3.5.1]
	at org.springframework.data.jpa.repository.query.JpaQueryExecution.execute(JpaQueryExecution.java:93) ~[spring-data-jpa-3.5.1.jar:3.5.1]
	at org.springframework.data.jpa.repository.query.AbstractJpaQuery.doExecute(AbstractJpaQuery.java:160) ~[spring-data-jpa-3.5.1.jar:3.5.1]
	at org.springframework.data.jpa.repository.query.AbstractJpaQuery.execute(AbstractJpaQuery.java:148) ~[spring-data-jpa-3.5.1.jar:3.5.1]
	at org.springframework.data.repository.core.support.RepositoryMethodInvoker.doInvoke(RepositoryMethodInvoker.java:170) ~[spring-data-commons-3.5.1.jar:3.5.1]
	at org.springframework.data.repository.core.support.RepositoryMethodInvoker.invoke(RepositoryMethodInvoker.java:158) ~[spring-data-commons-3.5.1.jar:3.5.1]
	at org.springframework.data.repository.core.support.QueryExecutorMethodInterceptor.doInvoke(QueryExecutorMethodInterceptor.java:170) ~[spring-data-commons-3.5.1.jar:3.5.1]
	at org.springframework.data.repository.core.support.QueryExecutorMethodInterceptor.invoke(QueryExecutorMethodInterceptor.java:149) ~[spring-data-commons-3.5.1.jar:3.5.1]
	at org.springframework.aop.framework.ReflectiveMethodInvocation.proceed(ReflectiveMethodInvocation.java:184) ~[spring-aop-6.2.8.jar:6.2.8]
	at org.springframework.data.projection.DefaultMethodInvokingMethodInterceptor.invoke(DefaultMethodInvokingMethodInterceptor.java:69) ~[spring-data-commons-3.5.1.jar:3.5.1]
	at org.springframework.aop.framework.ReflectiveMethodInvocation.proceed(ReflectiveMethodInvocation.java:184) ~[spring-aop-6.2.8.jar:6.2.8]
	at org.springframework.transaction.interceptor.TransactionAspectSupport.invokeWithinTransaction(TransactionAspectSupport.java:380) ~[spring-tx-6.2.8.jar:6.2.8]
	at org.springframework.transaction.interceptor.TransactionInterceptor.invoke(TransactionInterceptor.java:119) ~[spring-tx-6.2.8.jar:6.2.8]
	at org.springframework.aop.framework.ReflectiveMethodInvocation.proceed(ReflectiveMethodInvocation.java:184) ~[spring-aop-6.2.8.jar:6.2.8]
	at org.springframework.dao.support.PersistenceExceptionTranslationInterceptor.invoke(PersistenceExceptionTranslationInterceptor.java:138) ~[spring-tx-6.2.8.jar:6.2.8]
	... 32 common frames omitted
Caused by: java.sql.SQLSyntaxErrorException: PROCEDURE gps_tracker.insertLocation does not exist
	at com.mysql.cj.jdbc.exceptions.SQLError.createSQLException(SQLError.java:112) ~[mysql-connector-j-9.0.0.jar:9.0.0]
	at com.mysql.cj.jdbc.exceptions.SQLExceptionsMapping.translateException(SQLExceptionsMapping.java:114) ~[mysql-connector-j-9.0.0.jar:9.0.0]
	at com.mysql.cj.jdbc.ClientPreparedStatement.executeInternal(ClientPreparedStatement.java:987) ~[mysql-connector-j-9.0.0.jar:9.0.0]
	at com.mysql.cj.jdbc.ClientPreparedStatement.execute(ClientPreparedStatement.java:382) ~[mysql-connector-j-9.0.0.jar:9.0.0]
	at com.mysql.cj.jdbc.CallableStatement.execute(CallableStatement.java:891) ~[mysql-connector-j-9.0.0.jar:9.0.0]
	at com.zaxxer.hikari.pool.ProxyPreparedStatement.execute(ProxyPreparedStatement.java:44) ~[HikariCP-6.3.0.jar:na]
	at com.zaxxer.hikari.pool.HikariProxyCallableStatement.execute(HikariProxyCallableStatement.java) ~[HikariCP-6.3.0.jar:na]
	at org.hibernate.result.internal.OutputsImpl.executeStatement(OutputsImpl.java:82) ~[hibernate-core-6.6.18.Final.jar:6.6.18.Final]
	... 56 common frames omitted

2025-07-03T06:53:13.571-04:00 DEBUG 10212 --- [GPS Tracker Application] [restartedMain] org.hibernate.SQL                        : 
    insert 
    into
        alerts
        (created_at, device_id, message, resolved, resolved_at, type) 
    values
        (?, ?, ?, ?, ?, ?)
2025-07-03T06:53:13.710-04:00  INFO 10212 --- [GPS Tracker Application] [org.springframework.kafka.KafkaListenerEndpointContainer#0-0-C-1] org.apache.kafka.clients.NetworkClient   : [Consumer clientId=consumer-gps-tracker-group-1, groupId=gps-tracker-group] Node -1 disconnected.
2025-07-03T06:53:13.711-04:00  WARN 10212 --- [GPS Tracker Application] [org.springframework.kafka.KafkaListenerEndpointContainer#0-0-C-1] org.apache.kafka.clients.NetworkClient   : [Consumer clientId=consumer-gps-tracker-group-1, groupId=gps-tracker-group] Connection to node -1 (localhost/127.0.0.1:9092) could not be established. Node may not be available.
2025-07-03T06:53:13.711-04:00  WARN 10212 --- [GPS Tracker Application] [org.springframework.kafka.KafkaListenerEndpointContainer#0-0-C-1] org.apache.kafka.clients.NetworkClient   : [Consumer clientId=consumer-gps-tracker-group-1, groupId=gps-tracker-group] Bootstrap broker localhost:9092 (id: -1 rack: null) disconnected
2025-07-03T06:53:13.750-04:00  INFO 10212 --- [GPS Tracker Application] [restartedMain] c.a.gpstracker.config.DataInitializer    : Created sample alert for device: 1
2025-07-03T06:53:14.568-04:00  INFO 10212 --- [GPS Tracker Application] [org.springframework.kafka.KafkaListenerEndpointContainer#0-0-C-1] org.apache.kafka.clients.NetworkClient   : [Consumer clientId=consumer-gps-tracker-group-1, groupId=gps-tracker-group] Node -1 disconnected.
2025-07-03T06:53:14.569-04:00  WARN 10212 --- [GPS Tracker Application] [org.springframework.kafka.KafkaListenerEndpointContainer#0-0-C-1] org.apache.kafka.clients.NetworkClient   : [Consumer clientId=consumer-gps-tracker-group-1, groupId=gps-tracker-group] Connection to node -1 (localhost/127.0.0.1:9092) could not be established. Node may not be available.
2025-07-03T06:53:14.569-04:00  WARN 10212 --- [GPS Tracker Application] [org.springframework.kafka.KafkaListenerEndpointContainer#0-0-C-1] org.apache.kafka.clients.NetworkClient   : [Consumer clientId=consumer-gps-tracker-group-1, groupId=gps-tracker-group] Bootstrap broker localhost:9092 (id: -1 rack: null) disconnected
2025-07-03T06:53:15.574-04:00  INFO 10212 --- [GPS Tracker Application] [org.springframework.kafka.KafkaListenerEndpointContainer#0-0-C-1] org.apache.kafka.clients.NetworkClient   : [Consumer clientId=consumer-gps-tracker-group-1, groupId=gps-tracker-group] Node -1 disconnected.
2025-07-03T06:53:15.575-04:00  WARN 10212 --- [GPS Tracker Application] [org.springframework.kafka.KafkaListenerEndpointContainer#0-0-C-1] org.apache.kafka.clients.NetworkClient   : [Consumer clientId=consumer-gps-tracker-group-1, groupId=gps-tracker-group] Connection to node -1 (localhost/127.0.0.1:9092) could not be established. Node may not be available.
2025-07-03T06:53:15.575-04:00  WARN 10212 --- [GPS Tracker Application] [org.springframework.kafka.KafkaListenerEndpointContainer#0-0-C-1] org.apache.kafka.clients.NetworkClient   : [Consumer clientId=consumer-gps-tracker-group-1, groupId=gps-tracker-group] Bootstrap broker localhost:9092 (id: -1 rack: null) disconnected
2025-07-03T06:53:16.583-04:00  INFO 10212 --- [GPS Tracker Application] [org.springframework.kafka.KafkaListenerEndpointContainer#0-0-C-1] org.apache.kafka.clients.NetworkClient   : [Consumer clientId=consumer-gps-tracker-group-1, groupId=gps-tracker-group] Node -1 disconnected.
2025-07-03T06:53:16.583-04:00  WARN 10212 --- [GPS Tracker Application] [org.springframework.kafka.KafkaListenerEndpointContainer#0-0-C-1] org.apache.kafka.clients.NetworkClient   : [Consumer clientId=consumer-gps-tracker-group-1, groupId=gps-tracker-group] Connection to node -1 (localhost/127.0.0.1:9092) could not be established. Node may not be available.
2025-07-03T06:53:16.584-04:00  WARN 10212 --- [GPS Tracker Application] [org.springframework.kafka.KafkaListenerEndpointContainer#0-0-C-1] org.apache.kafka.clients.NetworkClient   : [Consumer clientId=consumer-gps-tracker-group-1, groupId=gps-tracker-group] Bootstrap broker localhost:9092 (id: -1 rack: null) disconnected
2025-07-03T06:53:17.625-04:00  INFO 10212 --- [GPS Tracker Application] [org.springframework.kafka.KafkaListenerEndpointContainer#0-0-C-1] org.apache.kafka.clients.NetworkClient   : [Consumer clientId=consumer-gps-tracker-group-1, groupId=gps-tracker-group] Node -1 disconnected.
2025-07-03T06:53:17.626-04:00  WARN 10212 --- [GPS Tracker Application] [org.springframework.kafka.KafkaListenerEndpointContainer#0-0-C-1] org.apache.kafka.clients.NetworkClient   : [Consumer clientId=consumer-gps-tracker-group-1, groupId=gps-tracker-group] Connection to node -1 (localhost/127.0.0.1:9092) could not be established. Node may not be available.
2025-07-03T06:53:17.626-04:00  WARN 10212 --- [GPS Tracker Application] [org.springframework.kafka.KafkaListenerEndpointContainer#0-0-C-1] org.apache.kafka.clients.NetworkClient   : [Consumer clientId=consumer-gps-tracker-group-1, groupId=gps-tracker-group] Bootstrap broker localhost:9092 (id: -1 rack: null) disconnected
2025-07-03T06:53:18.640-04:00  INFO 10212 --- [GPS Tracker Application] [org.springframework.kafka.KafkaListenerEndpointContainer#0-0-C-1] org.apache.kafka.clients.NetworkClient   : [Consumer clientId=consumer-gps-tracker-group-1, groupId=gps-tracker-group] Node -1 disconnected.
2025-07-03T06:53:18.641-04:00  WARN 10212 --- [GPS Tracker Application] [org.springframework.kafka.KafkaListenerEndpointContainer#0-0-C-1] org.apache.kafka.clients.NetworkClient   : [Consumer clientId=consumer-gps-tracker-group-1, groupId=gps-tracker-group] Connection to node -1 (localhost/127.0.0.1:9092) could not be established. Node may not be available.
2025-07-03T06:53:18.641-04:00  WARN 10212 --- [GPS Tracker Application] [org.springframework.kafka.KafkaListenerEndpointContainer#0-0-C-1] org.apache.kafka.clients.NetworkClient   : [Consumer clientId=consumer-gps-tracker-group-1, groupId=gps-tracker-group] Bootstrap broker localhost:9092 (id: -1 rack: null) disconnected
2025-07-03T06:53:19.641-04:00  INFO 10212 --- [GPS Tracker Application] [org.springframework.kafka.KafkaListenerEndpointContainer#0-0-C-1] org.apache.kafka.clients.NetworkClient   : [Consumer clientId=consumer-gps-tracker-group-1, groupId=gps-tracker-group] Node -1 disconnected.
2025-07-03T06:53:19.641-04:00  WARN 10212 --- [GPS Tracker Application] [org.springframework.kafka.KafkaListenerEndpointContainer#0-0-C-1] org.apache.kafka.clients.NetworkClient   : [Consumer clientId=consumer-gps-tracker-group-1, groupId=gps-tracker-group] Connection to node -1 (localhost/127.0.0.1:9092) could not be established. Node may not be available.
2025-07-03T06:53:19.642-04:00  WARN 10212 --- [GPS Tracker Application] [org.springframework.kafka.KafkaListenerEndpointContainer#0-0-C-1] org.apache.kafka.clients.NetworkClient   : [Consumer clientId=consumer-gps-tracker-group-1, groupId=gps-tracker-group] Bootstrap broker localhost:9092 (id: -1 rack: null) disconnected
2025-07-03T06:53:20.646-04:00  INFO 10212 --- [GPS Tracker Application] [org.springframework.kafka.KafkaListenerEndpointContainer#0-0-C-1] org.apache.kafka.clients.NetworkClient   : [Consumer clientId=consumer-gps-tracker-group-1, groupId=gps-tracker-group] Node -1 disconnected.
2025-07-03T06:53:20.647-04:00  WARN 10212 --- [GPS Tracker Application] [org.springframework.kafka.KafkaListenerEndpointContainer#0-0-C-1] org.apache.kafka.clients.NetworkClient   : [Consumer clientId=consumer-gps-tracker-group-1, groupId=gps-tracker-group] Connection to node -1 (localhost/127.0.0.1:9092) could not be established. Node may not be available.
2025-07-03T06:53:20.647-04:00  WARN 10212 --- [GPS Tracker Application] [org.springframework.kafka.KafkaListenerEndpointContainer#0-0-C-1] org.apache.kafka.clients.NetworkClient   : [Consumer clientId=consumer-gps-tracker-group-1, groupId=gps-tracker-group] Bootstrap broker localhost:9092 (id: -1 rack: null) disconnected
2025-07-03T06:53:21.657-04:00  INFO 10212 --- [GPS Tracker Application] [org.springframework.kafka.KafkaListenerEndpointContainer#0-0-C-1] org.apache.kafka.clients.NetworkClient   : [Consumer clientId=consumer-gps-tracker-group-1, groupId=gps-tracker-group] Node -1 disconnected.
2025-07-03T06:53:21.658-04:00  WARN 10212 --- [GPS Tracker Application] [org.springframework.kafka.KafkaListenerEndpointContainer#0-0-C-1] org.apache.kafka.clients.NetworkClient   : [Consumer clientId=consumer-gps-tracker-group-1, groupId=gps-tracker-group] Connection to node -1 (localhost/127.0.0.1:9092) could not be established. Node may not be available.
2025-07-03T06:53:21.658-04:00  WARN 10212 --- [GPS Tracker Application] [org.springframework.kafka.KafkaListenerEndpointContainer#0-0-C-1] org.apache.kafka.clients.NetworkClient   : [Consumer clientId=consumer-gps-tracker-group-1, groupId=gps-tracker-group] Bootstrap broker localhost:9092 (id: -1 rack: null) disconnected
2025-07-03T06:53:22.666-04:00  INFO 10212 --- [GPS Tracker Application] [org.springframework.kafka.KafkaListenerEndpointContainer#0-0-C-1] org.apache.kafka.clients.NetworkClient   : [Consumer clientId=consumer-gps-tracker-group-1, groupId=gps-tracker-group] Node -1 disconnected.
2025-07-03T06:53:22.666-04:00  WARN 10212 --- [GPS Tracker Application] [org.springframework.kafka.KafkaListenerEndpointContainer#0-0-C-1] org.apache.kafka.clients.NetworkClient   : [Consumer clientId=consumer-gps-tracker-group-1, groupId=gps-tracker-group] Connection to node -1 (localhost/127.0.0.1:9092) could not be established. Node may not be available.
2025-07-03T06:53:22.666-04:00  WARN 10212 --- [GPS Tracker Application] [org.springframework.kafka.KafkaListenerEndpointContainer#0-0-C-1] org.apache.kafka.clients.NetworkClient   : [Consumer clientId=consumer-gps-tracker-group-1, groupId=gps-tracker-group] Bootstrap broker localhost:9092 (id: -1 rack: null) disconnected
2025-07-03T06:53:23.670-04:00  INFO 10212 --- [GPS Tracker Application] [org.springframework.kafka.KafkaListenerEndpointContainer#0-0-C-1] org.apache.kafka.clients.NetworkClient   : [Consumer clientId=consumer-gps-tracker-group-1, groupId=gps-tracker-group] Node -1 disconnected.
2025-07-03T06:53:23.671-04:00  WARN 10212 --- [GPS Tracker Application] [org.springframework.kafka.KafkaListenerEndpointContainer#0-0-C-1] org.apache.kafka.clients.NetworkClient   : [Consumer clientId=consumer-gps-tracker-group-1, groupId=gps-tracker-group] Connection to node -1 (localhost/127.0.0.1:9092) could not be established. Node may not be available.
2025-07-03T06:53:23.671-04:00  WARN 10212 --- [GPS Tracker Application] [org.springframework.kafka.KafkaListenerEndpointContainer#0-0-C-1] org.apache.kafka.clients.NetworkClient   : [Consumer clientId=consumer-gps-tracker-group-1, groupId=gps-tracker-group] Bootstrap broker localhost:9092 (id: -1 rack: null) disconnected
2025-07-03T06:53:24.604-04:00  INFO 10212 --- [GPS Tracker Application] [org.springframework.kafka.KafkaListenerEndpointContainer#0-0-C-1] org.apache.kafka.clients.NetworkClient   : [Consumer clientId=consumer-gps-tracker-group-1, groupId=gps-tracker-group] Node -1 disconnected.
2025-07-03T06:53:24.605-04:00  WARN 10212 --- [GPS Tracker Application] [org.springframework.kafka.KafkaListenerEndpointContainer#0-0-C-1] org.apache.kafka.clients.NetworkClient   : [Consumer clientId=consumer-gps-tracker-group-1, groupId=gps-tracker-group] Connection to node -1 (localhost/127.0.0.1:9092) could not be established. Node may not be available.
2025-07-03T06:53:24.605-04:00  WARN 10212 --- [GPS Tracker Application] [org.springframework.kafka.KafkaListenerEndpointContainer#0-0-C-1] org.apache.kafka.clients.NetworkClient   : [Consumer clientId=consumer-gps-tracker-group-1, groupId=gps-tracker-group] Bootstrap broker localhost:9092 (id: -1 rack: null) disconnected
2025-07-03T06:53:25.628-04:00  INFO 10212 --- [GPS Tracker Application] [org.springframework.kafka.KafkaListenerEndpointContainer#0-0-C-1] org.apache.kafka.clients.NetworkClient   : [Consumer clientId=consumer-gps-tracker-group-1, groupId=gps-tracker-group] Node -1 disconnected.
2025-07-03T06:53:25.629-04:00  WARN 10212 --- [GPS Tracker Application] [org.springframework.kafka.KafkaListenerEndpointContainer#0-0-C-1] org.apache.kafka.clients.NetworkClient   : [Consumer clientId=consumer-gps-tracker-group-1, groupId=gps-tracker-group] Connection to node -1 (localhost/127.0.0.1:9092) could not be established. Node may not be available.
2025-07-03T06:53:25.629-04:00  WARN 10212 --- [GPS Tracker Application] [org.springframework.kafka.KafkaListenerEndpointContainer#0-0-C-1] org.apache.kafka.clients.NetworkClient   : [Consumer clientId=consumer-gps-tracker-group-1, groupId=gps-tracker-group] Bootstrap broker localhost:9092 (id: -1 rack: null) disconnected
2025-07-03T06:53:26.606-04:00  INFO 10212 --- [GPS Tracker Application] [org.springframework.kafka.KafkaListenerEndpointContainer#0-0-C-1] org.apache.kafka.clients.NetworkClient   : [Consumer clientId=consumer-gps-tracker-group-1, groupId=gps-tracker-group] Node -1 disconnected.
2025-07-03T06:53:26.607-04:00  WARN 10212 --- [GPS Tracker Application] [org.springframework.kafka.KafkaListenerEndpointContainer#0-0-C-1] org.apache.kafka.clients.NetworkClient   : [Consumer clientId=consumer-gps-tracker-group-1, groupId=gps-tracker-group] Connection to node -1 (localhost/127.0.0.1:9092) could not be established. Node may not be available.
2025-07-03T06:53:26.607-04:00  WARN 10212 --- [GPS Tracker Application] [org.springframework.kafka.KafkaListenerEndpointContainer#0-0-C-1] org.apache.kafka.clients.NetworkClient   : [Consumer clientId=consumer-gps-tracker-group-1, groupId=gps-tracker-group] Bootstrap broker localhost:9092 (id: -1 rack: null) disconnected
2025-07-03T06:53:27.480-04:00  INFO 10212 --- [GPS Tracker Application] [org.springframework.kafka.KafkaListenerEndpointContainer#0-0-C-1] org.apache.kafka.clients.NetworkClient   : [Consumer clientId=consumer-gps-tracker-group-1, groupId=gps-tracker-group] Node -1 disconnected.
2025-07-03T06:53:27.481-04:00  WARN 10212 --- [GPS Tracker Application] [org.springframework.kafka.KafkaListenerEndpointContainer#0-0-C-1] org.apache.kafka.clients.NetworkClient   : [Consumer clientId=consumer-gps-tracker-group-1, groupId=gps-tracker-group] Connection to node -1 (localhost/127.0.0.1:9092) could not be established. Node may not be available.
2025-07-03T06:53:27.481-04:00  WARN 10212 --- [GPS Tracker Application] [org.springframework.kafka.KafkaListenerEndpointContainer#0-0-C-1] org.apache.kafka.clients.NetworkClient   : [Consumer clientId=consumer-gps-tracker-group-1, groupId=gps-tracker-group] Bootstrap broker localhost:9092 (id: -1 rack: null) disconnected
2025-07-03T06:53:28.287-04:00  INFO 10212 --- [GPS Tracker Application] [org.springframework.kafka.KafkaListenerEndpointContainer#0-0-C-1] org.apache.kafka.clients.NetworkClient   : [Consumer clientId=consumer-gps-tracker-group-1, groupId=gps-tracker-group] Node -1 disconnected.
2025-07-03T06:53:28.288-04:00  WARN 10212 --- [GPS Tracker Application] [org.springframework.kafka.KafkaListenerEndpointContainer#0-0-C-1] org.apache.kafka.clients.NetworkClient   : [Consumer clientId=consumer-gps-tracker-group-1, groupId=gps-tracker-group] Connection to node -1 (localhost/127.0.0.1:9092) could not be established. Node may not be available.
2025-07-03T06:53:28.288-04:00  WARN 10212 --- [GPS Tracker Application] [org.springframework.kafka.KafkaListenerEndpointContainer#0-0-C-1] org.apache.kafka.clients.NetworkClient   : [Consumer clientId=consumer-gps-tracker-group-1, groupId=gps-tracker-group] Bootstrap broker localhost:9092 (id: -1 rack: null) disconnected
2025-07-03T06:53:29.332-04:00  INFO 10212 --- [GPS Tracker Application] [org.springframework.kafka.KafkaListenerEndpointContainer#0-0-C-1] org.apache.kafka.clients.NetworkClient   : [Consumer clientId=consumer-gps-tracker-group-1, groupId=gps-tracker-group] Node -1 disconnected.
2025-07-03T06:53:29.333-04:00  WARN 10212 --- [GPS Tracker Application] [org.springframework.kafka.KafkaListenerEndpointContainer#0-0-C-1] org.apache.kafka.clients.NetworkClient   : [Consumer clientId=consumer-gps-tracker-group-1, groupId=gps-tracker-group] Connection to node -1 (localhost/127.0.0.1:9092) could not be established. Node may not be available.
2025-07-03T06:53:29.333-04:00  WARN 10212 --- [GPS Tracker Application] [org.springframework.kafka.KafkaListenerEndpointContainer#0-0-C-1] org.apache.kafka.clients.NetworkClient   : [Consumer clientId=consumer-gps-tracker-group-1, groupId=gps-tracker-group] Bootstrap broker localhost:9092 (id: -1 rack: null) disconnected
2025-07-03T06:53:30.374-04:00  INFO 10212 --- [GPS Tracker Application] [org.springframework.kafka.KafkaListenerEndpointContainer#0-0-C-1] org.apache.kafka.clients.NetworkClient   : [Consumer clientId=consumer-gps-tracker-group-1, groupId=gps-tracker-group] Node -1 disconnected.
2025-07-03T06:53:30.375-04:00  WARN 10212 --- [GPS Tracker Application] [org.springframework.kafka.KafkaListenerEndpointContainer#0-0-C-1] org.apache.kafka.clients.NetworkClient   : [Consumer clientId=consumer-gps-tracker-group-1, groupId=gps-tracker-group] Connection to node -1 (localhost/127.0.0.1:9092) could not be established. Node may not be available.
2025-07-03T06:53:30.375-04:00  WARN 10212 --- [GPS Tracker Application] [org.springframework.kafka.KafkaListenerEndpointContainer#0-0-C-1] org.apache.kafka.clients.NetworkClient   : [Consumer clientId=consumer-gps-tracker-group-1, groupId=gps-tracker-group] Bootstrap broker localhost:9092 (id: -1 rack: null) disconnected
2025-07-03T06:53:31.402-04:00  INFO 10212 --- [GPS Tracker Application] [org.springframework.kafka.KafkaListenerEndpointContainer#0-0-C-1] org.apache.kafka.clients.NetworkClient   : [Consumer clientId=consumer-gps-tracker-group-1, groupId=gps-tracker-group] Node -1 disconnected.
2025-07-03T06:53:31.403-04:00  WARN 10212 --- [GPS Tracker Application] [org.springframework.kafka.KafkaListenerEndpointContainer#0-0-C-1] org.apache.kafka.clients.NetworkClient   : [Consumer clientId=consumer-gps-tracker-group-1, groupId=gps-tracker-group] Connection to node -1 (localhost/127.0.0.1:9092) could not be established. Node may not be available.
2025-07-03T06:53:31.403-04:00  WARN 10212 --- [GPS Tracker Application] [org.springframework.kafka.KafkaListenerEndpointContainer#0-0-C-1] org.apache.kafka.clients.NetworkClient   : [Consumer clientId=consumer-gps-tracker-group-1, groupId=gps-tracker-group] Bootstrap broker localhost:9092 (id: -1 rack: null) disconnected
2025-07-03T06:53:32.350-04:00  INFO 10212 --- [GPS Tracker Application] [org.springframework.kafka.KafkaListenerEndpointContainer#0-0-C-1] org.apache.kafka.clients.NetworkClient   : [Consumer clientId=consumer-gps-tracker-group-1, groupId=gps-tracker-group] Node -1 disconnected.
2025-07-03T06:53:32.351-04:00  WARN 10212 --- [GPS Tracker Application] [org.springframework.kafka.KafkaListenerEndpointContainer#0-0-C-1] org.apache.kafka.clients.NetworkClient   : [Consumer clientId=consumer-gps-tracker-group-1, groupId=gps-tracker-group] Connection to node -1 (localhost/127.0.0.1:9092) could not be established. Node may not be available.
2025-07-03T06:53:32.351-04:00  WARN 10212 --- [GPS Tracker Application] [org.springframework.kafka.KafkaListenerEndpointContainer#0-0-C-1] org.apache.kafka.clients.NetworkClient   : [Consumer clientId=consumer-gps-tracker-group-1, groupId=gps-tracker-group] Bootstrap broker localhost:9092 (id: -1 rack: null) disconnected
2025-07-03T06:53:33.378-04:00  INFO 10212 --- [GPS Tracker Application] [org.springframework.kafka.KafkaListenerEndpointContainer#0-0-C-1] org.apache.kafka.clients.NetworkClient   : [Consumer clientId=consumer-gps-tracker-group-1, groupId=gps-tracker-group] Node -1 disconnected.
2025-07-03T06:53:33.379-04:00  WARN 10212 --- [GPS Tracker Application] [org.springframework.kafka.KafkaListenerEndpointContainer#0-0-C-1] org.apache.kafka.clients.NetworkClient   : [Consumer clientId=consumer-gps-tracker-group-1, groupId=gps-tracker-group] Connection to node -1 (localhost/127.0.0.1:9092) could not be established. Node may not be available.
2025-07-03T06:53:33.379-04:00  WARN 10212 --- [GPS Tracker Application] [org.springframework.kafka.KafkaListenerEndpointContainer#0-0-C-1] org.apache.kafka.clients.NetworkClient   : [Consumer clientId=consumer-gps-tracker-group-1, groupId=gps-tracker-group] Bootstrap broker localhost:9092 (id: -1 rack: null) disconnected
2025-07-03T06:53:34.391-04:00  INFO 10212 --- [GPS Tracker Application] [org.springframework.kafka.KafkaListenerEndpointContainer#0-0-C-1] org.apache.kafka.clients.NetworkClient   : [Consumer clientId=consumer-gps-tracker-group-1, groupId=gps-tracker-group] Node -1 disconnected.
2025-07-03T06:53:34.392-04:00  WARN 10212 --- [GPS Tracker Application] [org.springframework.kafka.KafkaListenerEndpointContainer#0-0-C-1] org.apache.kafka.clients.NetworkClient   : [Consumer clientId=consumer-gps-tracker-group-1, groupId=gps-tracker-group] Connection to node -1 (localhost/127.0.0.1:9092) could not be established. Node may not be available.
2025-07-03T06:53:34.392-04:00  WARN 10212 --- [GPS Tracker Application] [org.springframework.kafka.KafkaListenerEndpointContainer#0-0-C-1] org.apache.kafka.clients.NetworkClient   : [Consumer clientId=consumer-gps-tracker-group-1, groupId=gps-tracker-group] Bootstrap broker localhost:9092 (id: -1 rack: null) disconnected
2025-07-03T06:53:35.404-04:00  INFO 10212 --- [GPS Tracker Application] [org.springframework.kafka.KafkaListenerEndpointContainer#0-0-C-1] org.apache.kafka.clients.NetworkClient   : [Consumer clientId=consumer-gps-tracker-group-1, groupId=gps-tracker-group] Node -1 disconnected.
2025-07-03T06:53:35.404-04:00  WARN 10212 --- [GPS Tracker Application] [org.springframework.kafka.KafkaListenerEndpointContainer#0-0-C-1] org.apache.kafka.clients.NetworkClient   : [Consumer clientId=consumer-gps-tracker-group-1, groupId=gps-tracker-group] Connection to node -1 (localhost/127.0.0.1:9092) could not be established. Node may not be available.
2025-07-03T06:53:35.405-04:00  WARN 10212 --- [GPS Tracker Application] [org.springframework.kafka.KafkaListenerEndpointContainer#0-0-C-1] org.apache.kafka.clients.NetworkClient   : [Consumer clientId=consumer-gps-tracker-group-1, groupId=gps-tracker-group] Bootstrap broker localhost:9092 (id: -1 rack: null) disconnected
2025-07-03T06:53:36.365-04:00  INFO 10212 --- [GPS Tracker Application] [org.springframework.kafka.KafkaListenerEndpointContainer#0-0-C-1] org.apache.kafka.clients.NetworkClient   : [Consumer clientId=consumer-gps-tracker-group-1, groupId=gps-tracker-group] Node -1 disconnected.
2025-07-03T06:53:36.366-04:00  WARN 10212 --- [GPS Tracker Application] [org.springframework.kafka.KafkaListenerEndpointContainer#0-0-C-1] org.apache.kafka.clients.NetworkClient   : [Consumer clientId=consumer-gps-tracker-group-1, groupId=gps-tracker-group] Connection to node -1 (localhost/127.0.0.1:9092) could not be established. Node may not be available.
2025-07-03T06:53:36.366-04:00  WARN 10212 --- [GPS Tracker Application] [org.springframework.kafka.KafkaListenerEndpointContainer#0-0-C-1] org.apache.kafka.clients.NetworkClient   : [Consumer clientId=consumer-gps-tracker-group-1, groupId=gps-tracker-group] Bootstrap broker localhost:9092 (id: -1 rack: null) disconnected
2025-07-03T06:53:37.373-04:00  INFO 10212 --- [GPS Tracker Application] [org.springframework.kafka.KafkaListenerEndpointContainer#0-0-C-1] org.apache.kafka.clients.NetworkClient   : [Consumer clientId=consumer-gps-tracker-group-1, groupId=gps-tracker-group] Node -1 disconnected.
2025-07-03T06:53:37.374-04:00  WARN 10212 --- [GPS Tracker Application] [org.springframework.kafka.KafkaListenerEndpointContainer#0-0-C-1] org.apache.kafka.clients.NetworkClient   : [Consumer clientId=consumer-gps-tracker-group-1, groupId=gps-tracker-group] Connection to node -1 (localhost/127.0.0.1:9092) could not be established. Node may not be available.
2025-07-03T06:53:37.374-04:00  WARN 10212 --- [GPS Tracker Application] [org.springframework.kafka.KafkaListenerEndpointContainer#0-0-C-1] org.apache.kafka.clients.NetworkClient   : [Consumer clientId=consumer-gps-tracker-group-1, groupId=gps-tracker-group] Bootstrap broker localhost:9092 (id: -1 rack: null) disconnected
2025-07-03T06:53:38.394-04:00  INFO 10212 --- [GPS Tracker Application] [org.springframework.kafka.KafkaListenerEndpointContainer#0-0-C-1] org.apache.kafka.clients.NetworkClient   : [Consumer clientId=consumer-gps-tracker-group-1, groupId=gps-tracker-group] Node -1 disconnected.
2025-07-03T06:53:38.395-04:00  WARN 10212 --- [GPS Tracker Application] [org.springframework.kafka.KafkaListenerEndpointContainer#0-0-C-1] org.apache.kafka.clients.NetworkClient   : [Consumer clientId=consumer-gps-tracker-group-1, groupId=gps-tracker-group] Connection to node -1 (localhost/127.0.0.1:9092) could not be established. Node may not be available.
2025-07-03T06:53:38.395-04:00  WARN 10212 --- [GPS Tracker Application] [org.springframework.kafka.KafkaListenerEndpointContainer#0-0-C-1] org.apache.kafka.clients.NetworkClient   : [Consumer clientId=consumer-gps-tracker-group-1, groupId=gps-tracker-group] Bootstrap broker localhost:9092 (id: -1 rack: null) disconnected
2025-07-03T06:53:39.433-04:00  INFO 10212 --- [GPS Tracker Application] [org.springframework.kafka.KafkaListenerEndpointContainer#0-0-C-1] org.apache.kafka.clients.NetworkClient   : [Consumer clientId=consumer-gps-tracker-group-1, groupId=gps-tracker-group] Node -1 disconnected.
2025-07-03T06:53:39.434-04:00  WARN 10212 --- [GPS Tracker Application] [org.springframework.kafka.KafkaListenerEndpointContainer#0-0-C-1] org.apache.kafka.clients.NetworkClient   : [Consumer clientId=consumer-gps-tracker-group-1, groupId=gps-tracker-group] Connection to node -1 (localhost/127.0.0.1:9092) could not be established. Node may not be available.
2025-07-03T06:53:39.434-04:00  WARN 10212 --- [GPS Tracker Application] [org.springframework.kafka.KafkaListenerEndpointContainer#0-0-C-1] org.apache.kafka.clients.NetworkClient   : [Consumer clientId=consumer-gps-tracker-group-1, groupId=gps-tracker-group] Bootstrap broker localhost:9092 (id: -1 rack: null) disconnected
2025-07-03T06:53:40.487-04:00  INFO 10212 --- [GPS Tracker Application] [org.springframework.kafka.KafkaListenerEndpointContainer#0-0-C-1] org.apache.kafka.clients.NetworkClient   : [Consumer clientId=consumer-gps-tracker-group-1, groupId=gps-tracker-group] Node -1 disconnected.
2025-07-03T06:53:40.487-04:00  WARN 10212 --- [GPS Tracker Application] [org.springframework.kafka.KafkaListenerEndpointContainer#0-0-C-1] org.apache.kafka.clients.NetworkClient   : [Consumer clientId=consumer-gps-tracker-group-1, groupId=gps-tracker-group] Connection to node -1 (localhost/127.0.0.1:9092) could not be established. Node may not be available.
2025-07-03T06:53:40.487-04:00  WARN 10212 --- [GPS Tracker Application] [org.springframework.kafka.KafkaListenerEndpointContainer#0-0-C-1] org.apache.kafka.clients.NetworkClient   : [Consumer clientId=consumer-gps-tracker-group-1, groupId=gps-tracker-group] Bootstrap broker localhost:9092 (id: -1 rack: null) disconnected
2025-07-03T06:53:41.527-04:00  INFO 10212 --- [GPS Tracker Application] [org.springframework.kafka.KafkaListenerEndpointContainer#0-0-C-1] org.apache.kafka.clients.NetworkClient   : [Consumer clientId=consumer-gps-tracker-group-1, groupId=gps-tracker-group] Node -1 disconnected.
2025-07-03T06:53:41.528-04:00  WARN 10212 --- [GPS Tracker Application] [org.springframework.kafka.KafkaListenerEndpointContainer#0-0-C-1] org.apache.kafka.clients.NetworkClient   : [Consumer clientId=consumer-gps-tracker-group-1, groupId=gps-tracker-group] Connection to node -1 (localhost/127.0.0.1:9092) could not be established. Node may not be available.
2025-07-03T06:53:41.528-04:00  WARN 10212 --- [GPS Tracker Application] [org.springframework.kafka.KafkaListenerEndpointContainer#0-0-C-1] org.apache.kafka.clients.NetworkClient   : [Consumer clientId=consumer-gps-tracker-group-1, groupId=gps-tracker-group] Bootstrap broker localhost:9092 (id: -1 rack: null) disconnected
2025-07-03T06:53:42.538-04:00  INFO 10212 --- [GPS Tracker Application] [org.springframework.kafka.KafkaListenerEndpointContainer#0-0-C-1] org.apache.kafka.clients.NetworkClient   : [Consumer clientId=consumer-gps-tracker-group-1, groupId=gps-tracker-group] Node -1 disconnected.
2025-07-03T06:53:42.538-04:00  WARN 10212 --- [GPS Tracker Application] [org.springframework.kafka.KafkaListenerEndpointContainer#0-0-C-1] org.apache.kafka.clients.NetworkClient   : [Consumer clientId=consumer-gps-tracker-group-1, groupId=gps-tracker-group] Connection to node -1 (localhost/127.0.0.1:9092) could not be established. Node may not be available.
2025-07-03T06:53:42.538-04:00  WARN 10212 --- [GPS Tracker Application] [org.springframework.kafka.KafkaListenerEndpointContainer#0-0-C-1] org.apache.kafka.clients.NetworkClient   : [Consumer clientId=consumer-gps-tracker-group-1, groupId=gps-tracker-group] Bootstrap broker localhost:9092 (id: -1 rack: null) disconnected
2025-07-03T06:53:43.551-04:00  INFO 10212 --- [GPS Tracker Application] [org.springframework.kafka.KafkaListenerEndpointContainer#0-0-C-1] org.apache.kafka.clients.NetworkClient   : [Consumer clientId=consumer-gps-tracker-group-1, groupId=gps-tracker-group] Node -1 disconnected.
2025-07-03T06:53:43.552-04:00  WARN 10212 --- [GPS Tracker Application] [org.springframework.kafka.KafkaListenerEndpointContainer#0-0-C-1] org.apache.kafka.clients.NetworkClient   : [Consumer clientId=consumer-gps-tracker-group-1, groupId=gps-tracker-group] Connection to node -1 (localhost/127.0.0.1:9092) could not be established. Node may not be available.
2025-07-03T06:53:43.552-04:00  WARN 10212 --- [GPS Tracker Application] [org.springframework.kafka.KafkaListenerEndpointContainer#0-0-C-1] org.apache.kafka.clients.NetworkClient   : [Consumer clientId=consumer-gps-tracker-group-1, groupId=gps-tracker-group] Bootstrap broker localhost:9092 (id: -1 rack: null) disconnected
2025-07-03T06:53:44.582-04:00  INFO 10212 --- [GPS Tracker Application] [org.springframework.kafka.KafkaListenerEndpointContainer#0-0-C-1] org.apache.kafka.clients.NetworkClient   : [Consumer clientId=consumer-gps-tracker-group-1, groupId=gps-tracker-group] Node -1 disconnected.
2025-07-03T06:53:44.583-04:00  WARN 10212 --- [GPS Tracker Application] [org.springframework.kafka.KafkaListenerEndpointContainer#0-0-C-1] org.apache.kafka.clients.NetworkClient   : [Consumer clientId=consumer-gps-tracker-group-1, groupId=gps-tracker-group] Connection to node -1 (localhost/127.0.0.1:9092) could not be established. Node may not be available.
2025-07-03T06:53:44.583-04:00  WARN 10212 --- [GPS Tracker Application] [org.springframework.kafka.KafkaListenerEndpointContainer#0-0-C-1] org.apache.kafka.clients.NetworkClient   : [Consumer clientId=consumer-gps-tracker-group-1, groupId=gps-tracker-group] Bootstrap broker localhost:9092 (id: -1 rack: null) disconnected
2025-07-03T06:53:45.452-04:00  INFO 10212 --- [GPS Tracker Application] [org.springframework.kafka.KafkaListenerEndpointContainer#0-0-C-1] org.apache.kafka.clients.NetworkClient   : [Consumer clientId=consumer-gps-tracker-group-1, groupId=gps-tracker-group] Node -1 disconnected.
2025-07-03T06:53:45.453-04:00  WARN 10212 --- [GPS Tracker Application] [org.springframework.kafka.KafkaListenerEndpointContainer#0-0-C-1] org.apache.kafka.clients.NetworkClient   : [Consumer clientId=consumer-gps-tracker-group-1, groupId=gps-tracker-group] Connection to node -1 (localhost/127.0.0.1:9092) could not be established. Node may not be available.
2025-07-03T06:53:45.453-04:00  WARN 10212 --- [GPS Tracker Application] [org.springframework.kafka.KafkaListenerEndpointContainer#0-0-C-1] org.apache.kafka.clients.NetworkClient   : [Consumer clientId=consumer-gps-tracker-group-1, groupId=gps-tracker-group] Bootstrap broker localhost:9092 (id: -1 rack: null) disconnected
2025-07-03T06:53:46.467-04:00  INFO 10212 --- [GPS Tracker Application] [org.springframework.kafka.KafkaListenerEndpointContainer#0-0-C-1] org.apache.kafka.clients.NetworkClient   : [Consumer clientId=consumer-gps-tracker-group-1, groupId=gps-tracker-group] Node -1 disconnected.
2025-07-03T06:53:46.467-04:00  WARN 10212 --- [GPS Tracker Application] [org.springframework.kafka.KafkaListenerEndpointContainer#0-0-C-1] org.apache.kafka.clients.NetworkClient   : [Consumer clientId=consumer-gps-tracker-group-1, groupId=gps-tracker-group] Connection to node -1 (localhost/127.0.0.1:9092) could not be established. Node may not be available.
2025-07-03T06:53:46.467-04:00  WARN 10212 --- [GPS Tracker Application] [org.springframework.kafka.KafkaListenerEndpointContainer#0-0-C-1] org.apache.kafka.clients.NetworkClient   : [Consumer clientId=consumer-gps-tracker-group-1, groupId=gps-tracker-group] Bootstrap broker localhost:9092 (id: -1 rack: null) disconnected
2025-07-03T06:53:47.505-04:00  INFO 10212 --- [GPS Tracker Application] [org.springframework.kafka.KafkaListenerEndpointContainer#0-0-C-1] org.apache.kafka.clients.NetworkClient   : [Consumer clientId=consumer-gps-tracker-group-1, groupId=gps-tracker-group] Node -1 disconnected.
2025-07-03T06:53:47.506-04:00  WARN 10212 --- [GPS Tracker Application] [org.springframework.kafka.KafkaListenerEndpointContainer#0-0-C-1] org.apache.kafka.clients.NetworkClient   : [Consumer clientId=consumer-gps-tracker-group-1, groupId=gps-tracker-group] Connection to node -1 (localhost/127.0.0.1:9092) could not be established. Node may not be available.
2025-07-03T06:53:47.506-04:00  WARN 10212 --- [GPS Tracker Application] [org.springframework.kafka.KafkaListenerEndpointContainer#0-0-C-1] org.apache.kafka.clients.NetworkClient   : [Consumer clientId=consumer-gps-tracker-group-1, groupId=gps-tracker-group] Bootstrap broker localhost:9092 (id: -1 rack: null) disconnected
2025-07-03T06:53:48.517-04:00  INFO 10212 --- [GPS Tracker Application] [org.springframework.kafka.KafkaListenerEndpointContainer#0-0-C-1] org.apache.kafka.clients.NetworkClient   : [Consumer clientId=consumer-gps-tracker-group-1, groupId=gps-tracker-group] Node -1 disconnected.
2025-07-03T06:53:48.517-04:00  WARN 10212 --- [GPS Tracker Application] [org.springframework.kafka.KafkaListenerEndpointContainer#0-0-C-1] org.apache.kafka.clients.NetworkClient   : [Consumer clientId=consumer-gps-tracker-group-1, groupId=gps-tracker-group] Connection to node -1 (localhost/127.0.0.1:9092) could not be established. Node may not be available.
2025-07-03T06:53:48.518-04:00  WARN 10212 --- [GPS Tracker Application] [org.springframework.kafka.KafkaListenerEndpointContainer#0-0-C-1] org.apache.kafka.clients.NetworkClient   : [Consumer clientId=consumer-gps-tracker-group-1, groupId=gps-tracker-group] Bootstrap broker localhost:9092 (id: -1 rack: null) disconnected
2025-07-03T06:53:49.578-04:00  INFO 10212 --- [GPS Tracker Application] [org.springframework.kafka.KafkaListenerEndpointContainer#0-0-C-1] org.apache.kafka.clients.NetworkClient   : [Consumer clientId=consumer-gps-tracker-group-1, groupId=gps-tracker-group] Node -1 disconnected.
2025-07-03T06:53:49.579-04:00  WARN 10212 --- [GPS Tracker Application] [org.springframework.kafka.KafkaListenerEndpointContainer#0-0-C-1] org.apache.kafka.clients.NetworkClient   : [Consumer clientId=consumer-gps-tracker-group-1, groupId=gps-tracker-group] Connection to node -1 (localhost/127.0.0.1:9092) could not be established. Node may not be available.
2025-07-03T06:53:49.579-04:00  WARN 10212 --- [GPS Tracker Application] [org.springframework.kafka.KafkaListenerEndpointContainer#0-0-C-1] org.apache.kafka.clients.NetworkClient   : [Consumer clientId=consumer-gps-tracker-group-1, groupId=gps-tracker-group] Bootstrap broker localhost:9092 (id: -1 rack: null) disconnected
2025-07-03T06:53:50.602-04:00  INFO 10212 --- [GPS Tracker Application] [org.springframework.kafka.KafkaListenerEndpointContainer#0-0-C-1] org.apache.kafka.clients.NetworkClient   : [Consumer clientId=consumer-gps-tracker-group-1, groupId=gps-tracker-group] Node -1 disconnected.
2025-07-03T06:53:50.603-04:00  WARN 10212 --- [GPS Tracker Application] [org.springframework.kafka.KafkaListenerEndpointContainer#0-0-C-1] org.apache.kafka.clients.NetworkClient   : [Consumer clientId=consumer-gps-tracker-group-1, groupId=gps-tracker-group] Connection to node -1 (localhost/127.0.0.1:9092) could not be established. Node may not be available.
2025-07-03T06:53:50.603-04:00  WARN 10212 --- [GPS Tracker Application] [org.springframework.kafka.KafkaListenerEndpointContainer#0-0-C-1] org.apache.kafka.clients.NetworkClient   : [Consumer clientId=consumer-gps-tracker-group-1, groupId=gps-tracker-group] Bootstrap broker localhost:9092 (id: -1 rack: null) disconnected
2025-07-03T06:53:51.645-04:00  INFO 10212 --- [GPS Tracker Application] [org.springframework.kafka.KafkaListenerEndpointContainer#0-0-C-1] org.apache.kafka.clients.NetworkClient   : [Consumer clientId=consumer-gps-tracker-group-1, groupId=gps-tracker-group] Node -1 disconnected.
2025-07-03T06:53:51.646-04:00  WARN 10212 --- [GPS Tracker Application] [org.springframework.kafka.KafkaListenerEndpointContainer#0-0-C-1] org.apache.kafka.clients.NetworkClient   : [Consumer clientId=consumer-gps-tracker-group-1, groupId=gps-tracker-group] Connection to node -1 (localhost/127.0.0.1:9092) could not be established. Node may not be available.
2025-07-03T06:53:51.646-04:00  WARN 10212 --- [GPS Tracker Application] [org.springframework.kafka.KafkaListenerEndpointContainer#0-0-C-1] org.apache.kafka.clients.NetworkClient   : [Consumer clientId=consumer-gps-tracker-group-1, groupId=gps-tracker-group] Bootstrap broker localhost:9092 (id: -1 rack: null) disconnected
2025-07-03T06:53:52.656-04:00  INFO 10212 --- [GPS Tracker Application] [org.springframework.kafka.KafkaListenerEndpointContainer#0-0-C-1] org.apache.kafka.clients.NetworkClient   : [Consumer clientId=consumer-gps-tracker-group-1, groupId=gps-tracker-group] Node -1 disconnected.
2025-07-03T06:53:52.657-04:00  WARN 10212 --- [GPS Tracker Application] [org.springframework.kafka.KafkaListenerEndpointContainer#0-0-C-1] org.apache.kafka.clients.NetworkClient   : [Consumer clientId=consumer-gps-tracker-group-1, groupId=gps-tracker-group] Connection to node -1 (localhost/127.0.0.1:9092) could not be established. Node may not be available.
2025-07-03T06:53:52.657-04:00  WARN 10212 --- [GPS Tracker Application] [org.springframework.kafka.KafkaListenerEndpointContainer#0-0-C-1] org.apache.kafka.clients.NetworkClient   : [Consumer clientId=consumer-gps-tracker-group-1, groupId=gps-tracker-group] Bootstrap broker localhost:9092 (id: -1 rack: null) disconnected
2025-07-03T06:53:53.654-04:00  INFO 10212 --- [GPS Tracker Application] [org.springframework.kafka.KafkaListenerEndpointContainer#0-0-C-1] org.apache.kafka.clients.NetworkClient   : [Consumer clientId=consumer-gps-tracker-group-1, groupId=gps-tracker-group] Node -1 disconnected.
2025-07-03T06:53:53.654-04:00  WARN 10212 --- [GPS Tracker Application] [org.springframework.kafka.KafkaListenerEndpointContainer#0-0-C-1] org.apache.kafka.clients.NetworkClient   : [Consumer clientId=consumer-gps-tracker-group-1, groupId=gps-tracker-group] Connection to node -1 (localhost/127.0.0.1:9092) could not be established. Node may not be available.
2025-07-03T06:53:53.655-04:00  WARN 10212 --- [GPS Tracker Application] [org.springframework.kafka.KafkaListenerEndpointContainer#0-0-C-1] org.apache.kafka.clients.NetworkClient   : [Consumer clientId=consumer-gps-tracker-group-1, groupId=gps-tracker-group] Bootstrap broker localhost:9092 (id: -1 rack: null) disconnected
2025-07-03T06:53:54.666-04:00  INFO 10212 --- [GPS Tracker Application] [org.springframework.kafka.KafkaListenerEndpointContainer#0-0-C-1] org.apache.kafka.clients.NetworkClient   : [Consumer clientId=consumer-gps-tracker-group-1, groupId=gps-tracker-group] Node -1 disconnected.
2025-07-03T06:53:54.667-04:00  WARN 10212 --- [GPS Tracker Application] [org.springframework.kafka.KafkaListenerEndpointContainer#0-0-C-1] org.apache.kafka.clients.NetworkClient   : [Consumer clientId=consumer-gps-tracker-group-1, groupId=gps-tracker-group] Connection to node -1 (localhost/127.0.0.1:9092) could not be established. Node may not be available.
2025-07-03T06:53:54.667-04:00  WARN 10212 --- [GPS Tracker Application] [org.springframework.kafka.KafkaListenerEndpointContainer#0-0-C-1] org.apache.kafka.clients.NetworkClient   : [Consumer clientId=consumer-gps-tracker-group-1, groupId=gps-tracker-group] Bootstrap broker localhost:9092 (id: -1 rack: null) disconnected
2025-07-03T06:53:55.669-04:00  INFO 10212 --- [GPS Tracker Application] [org.springframework.kafka.KafkaListenerEndpointContainer#0-0-C-1] org.apache.kafka.clients.NetworkClient   : [Consumer clientId=consumer-gps-tracker-group-1, groupId=gps-tracker-group] Node -1 disconnected.
2025-07-03T06:53:55.669-04:00  WARN 10212 --- [GPS Tracker Application] [org.springframework.kafka.KafkaListenerEndpointContainer#0-0-C-1] org.apache.kafka.clients.NetworkClient   : [Consumer clientId=consumer-gps-tracker-group-1, groupId=gps-tracker-group] Connection to node -1 (localhost/127.0.0.1:9092) could not be established. Node may not be available.
2025-07-03T06:53:55.669-04:00  WARN 10212 --- [GPS Tracker Application] [org.springframework.kafka.KafkaListenerEndpointContainer#0-0-C-1] org.apache.kafka.clients.NetworkClient   : [Consumer clientId=consumer-gps-tracker-group-1, groupId=gps-tracker-group] Bootstrap broker localhost:9092 (id: -1 rack: null) disconnected
2025-07-03T06:53:56.681-04:00  INFO 10212 --- [GPS Tracker Application] [org.springframework.kafka.KafkaListenerEndpointContainer#0-0-C-1] org.apache.kafka.clients.NetworkClient   : [Consumer clientId=consumer-gps-tracker-group-1, groupId=gps-tracker-group] Node -1 disconnected.
2025-07-03T06:53:56.682-04:00  WARN 10212 --- [GPS Tracker Application] [org.springframework.kafka.KafkaListenerEndpointContainer#0-0-C-1] org.apache.kafka.clients.NetworkClient   : [Consumer clientId=consumer-gps-tracker-group-1, groupId=gps-tracker-group] Connection to node -1 (localhost/127.0.0.1:9092) could not be established. Node may not be available.
2025-07-03T06:53:56.682-04:00  WARN 10212 --- [GPS Tracker Application] [org.springframework.kafka.KafkaListenerEndpointContainer#0-0-C-1] org.apache.kafka.clients.NetworkClient   : [Consumer clientId=consumer-gps-tracker-group-1, groupId=gps-tracker-group] Bootstrap broker localhost:9092 (id: -1 rack: null) disconnected
2025-07-03T06:53:57.693-04:00  INFO 10212 --- [GPS Tracker Application] [org.springframework.kafka.KafkaListenerEndpointContainer#0-0-C-1] org.apache.kafka.clients.NetworkClient   : [Consumer clientId=consumer-gps-tracker-group-1, groupId=gps-tracker-group] Node -1 disconnected.
2025-07-03T06:53:57.694-04:00  WARN 10212 --- [GPS Tracker Application] [org.springframework.kafka.KafkaListenerEndpointContainer#0-0-C-1] org.apache.kafka.clients.NetworkClient   : [Consumer clientId=consumer-gps-tracker-group-1, groupId=gps-tracker-group] Connection to node -1 (localhost/127.0.0.1:9092) could not be established. Node may not be available.
2025-07-03T06:53:57.694-04:00  WARN 10212 --- [GPS Tracker Application] [org.springframework.kafka.KafkaListenerEndpointContainer#0-0-C-1] org.apache.kafka.clients.NetworkClient   : [Consumer clientId=consumer-gps-tracker-group-1, groupId=gps-tracker-group] Bootstrap broker localhost:9092 (id: -1 rack: null) disconnected
2025-07-03T06:53:58.705-04:00  INFO 10212 --- [GPS Tracker Application] [org.springframework.kafka.KafkaListenerEndpointContainer#0-0-C-1] org.apache.kafka.clients.NetworkClient   : [Consumer clientId=consumer-gps-tracker-group-1, groupId=gps-tracker-group] Node -1 disconnected.
2025-07-03T06:53:58.705-04:00  WARN 10212 --- [GPS Tracker Application] [org.springframework.kafka.KafkaListenerEndpointContainer#0-0-C-1] org.apache.kafka.clients.NetworkClient   : [Consumer clientId=consumer-gps-tracker-group-1, groupId=gps-tracker-group] Connection to node -1 (localhost/127.0.0.1:9092) could not be established. Node may not be available.
2025-07-03T06:53:58.705-04:00  WARN 10212 --- [GPS Tracker Application] [org.springframework.kafka.KafkaListenerEndpointContainer#0-0-C-1] org.apache.kafka.clients.NetworkClient   : [Consumer clientId=consumer-gps-tracker-group-1, groupId=gps-tracker-group] Bootstrap broker localhost:9092 (id: -1 rack: null) disconnected
2025-07-03T06:53:59.690-04:00  INFO 10212 --- [GPS Tracker Application] [org.springframework.kafka.KafkaListenerEndpointContainer#0-0-C-1] org.apache.kafka.clients.NetworkClient   : [Consumer clientId=consumer-gps-tracker-group-1, groupId=gps-tracker-group] Node -1 disconnected.
2025-07-03T06:53:59.690-04:00  WARN 10212 --- [GPS Tracker Application] [org.springframework.kafka.KafkaListenerEndpointContainer#0-0-C-1] org.apache.kafka.clients.NetworkClient   : [Consumer clientId=consumer-gps-tracker-group-1, groupId=gps-tracker-group] Connection to node -1 (localhost/127.0.0.1:9092) could not be established. Node may not be available.
2025-07-03T06:53:59.691-04:00  WARN 10212 --- [GPS Tracker Application] [org.springframework.kafka.KafkaListenerEndpointContainer#0-0-C-1] org.apache.kafka.clients.NetworkClient   : [Consumer clientId=consumer-gps-tracker-group-1, groupId=gps-tracker-group] Bootstrap broker localhost:9092 (id: -1 rack: null) disconnected
2025-07-03T06:54:00.638-04:00  INFO 10212 --- [GPS Tracker Application] [org.springframework.kafka.KafkaListenerEndpointContainer#0-0-C-1] org.apache.kafka.clients.NetworkClient   : [Consumer clientId=consumer-gps-tracker-group-1, groupId=gps-tracker-group] Node -1 disconnected.
2025-07-03T06:54:00.639-04:00  WARN 10212 --- [GPS Tracker Application] [org.springframework.kafka.KafkaListenerEndpointContainer#0-0-C-1] org.apache.kafka.clients.NetworkClient   : [Consumer clientId=consumer-gps-tracker-group-1, groupId=gps-tracker-group] Connection to node -1 (localhost/127.0.0.1:9092) could not be established. Node may not be available.
2025-07-03T06:54:00.639-04:00  WARN 10212 --- [GPS Tracker Application] [org.springframework.kafka.KafkaListenerEndpointContainer#0-0-C-1] org.apache.kafka.clients.NetworkClient   : [Consumer clientId=consumer-gps-tracker-group-1, groupId=gps-tracker-group] Bootstrap broker localhost:9092 (id: -1 rack: null) disconnected
2025-07-03T06:54:01.510-04:00  INFO 10212 --- [GPS Tracker Application] [org.springframework.kafka.KafkaListenerEndpointContainer#0-0-C-1] org.apache.kafka.clients.NetworkClient   : [Consumer clientId=consumer-gps-tracker-group-1, groupId=gps-tracker-group] Node -1 disconnected.
2025-07-03T06:54:01.511-04:00  WARN 10212 --- [GPS Tracker Application] [org.springframework.kafka.KafkaListenerEndpointContainer#0-0-C-1] org.apache.kafka.clients.NetworkClient   : [Consumer clientId=consumer-gps-tracker-group-1, groupId=gps-tracker-group] Connection to node -1 (localhost/127.0.0.1:9092) could not be established. Node may not be available.
2025-07-03T06:54:01.511-04:00  WARN 10212 --- [GPS Tracker Application] [org.springframework.kafka.KafkaListenerEndpointContainer#0-0-C-1] org.apache.kafka.clients.NetworkClient   : [Consumer clientId=consumer-gps-tracker-group-1, groupId=gps-tracker-group] Bootstrap broker localhost:9092 (id: -1 rack: null) disconnected
2025-07-03T06:54:02.401-04:00  INFO 10212 --- [GPS Tracker Application] [org.springframework.kafka.KafkaListenerEndpointContainer#0-0-C-1] o.a.k.c.c.internals.ConsumerCoordinator  : [Consumer clientId=consumer-gps-tracker-group-1, groupId=gps-tracker-group] Resetting generation and member id due to: consumer pro-actively leaving the group
2025-07-03T06:54:02.401-04:00  INFO 10212 --- [GPS Tracker Application] [org.springframework.kafka.KafkaListenerEndpointContainer#0-0-C-1] o.a.k.c.c.internals.ConsumerCoordinator  : [Consumer clientId=consumer-gps-tracker-group-1, groupId=gps-tracker-group] Request joining group due to: consumer pro-actively leaving the group
2025-07-03T06:54:02.401-04:00  INFO 10212 --- [GPS Tracker Application] [org.springframework.kafka.KafkaListenerEndpointContainer#0-0-C-1] o.a.k.c.c.i.ClassicKafkaConsumer         : [Consumer clientId=consumer-gps-tracker-group-1, groupId=gps-tracker-group] Unsubscribed all topics or patterns and assigned partitions
2025-07-03T06:54:02.402-04:00  INFO 10212 --- [GPS Tracker Application] [org.springframework.kafka.KafkaListenerEndpointContainer#0-0-C-1] o.a.k.c.c.internals.ConsumerCoordinator  : [Consumer clientId=consumer-gps-tracker-group-1, groupId=gps-tracker-group] Resetting generation and member id due to: consumer pro-actively leaving the group
2025-07-03T06:54:02.402-04:00  INFO 10212 --- [GPS Tracker Application] [org.springframework.kafka.KafkaListenerEndpointContainer#0-0-C-1] o.a.k.c.c.internals.ConsumerCoordinator  : [Consumer clientId=consumer-gps-tracker-group-1, groupId=gps-tracker-group] Request joining group due to: consumer pro-actively leaving the group
2025-07-03T06:54:02.404-04:00  INFO 10212 --- [GPS Tracker Application] [org.springframework.kafka.KafkaListenerEndpointContainer#0-0-C-1] o.apache.kafka.common.metrics.Metrics    : Metrics scheduler closed
2025-07-03T06:54:02.404-04:00  INFO 10212 --- [GPS Tracker Application] [org.springframework.kafka.KafkaListenerEndpointContainer#0-0-C-1] o.apache.kafka.common.metrics.Metrics    : Closing reporter org.apache.kafka.common.metrics.JmxReporter
2025-07-03T06:54:02.405-04:00  INFO 10212 --- [GPS Tracker Application] [org.springframework.kafka.KafkaListenerEndpointContainer#0-0-C-1] o.apache.kafka.common.metrics.Metrics    : Closing reporter org.apache.kafka.common.telemetry.internals.ClientTelemetryReporter
2025-07-03T06:54:02.405-04:00  INFO 10212 --- [GPS Tracker Application] [org.springframework.kafka.KafkaListenerEndpointContainer#0-0-C-1] o.apache.kafka.common.metrics.Metrics    : Metrics reporters closed
2025-07-03T06:54:02.408-04:00  INFO 10212 --- [GPS Tracker Application] [org.springframework.kafka.KafkaListenerEndpointContainer#0-0-C-1] o.a.kafka.common.utils.AppInfoParser     : App info kafka.consumer for consumer-gps-tracker-group-1 unregistered
2025-07-03T06:54:02.408-04:00  INFO 10212 --- [GPS Tracker Application] [org.springframework.kafka.KafkaListenerEndpointContainer#0-0-C-1] o.s.k.l.KafkaMessageListenerContainer    : gps-tracker-group: Consumer stopped
2025-07-03T06:54:02.409-04:00  INFO 10212 --- [GPS Tracker Application] [SpringApplicationShutdownHook] o.s.b.w.e.tomcat.GracefulShutdown        : Commencing graceful shutdown. Waiting for active requests to complete
2025-07-03T06:54:02.413-04:00  INFO 10212 --- [GPS Tracker Application] [tomcat-shutdown] o.s.b.w.e.tomcat.GracefulShutdown        : Graceful shutdown complete
2025-07-03T06:54:02.414-04:00  INFO 10212 --- [GPS Tracker Application] [SpringApplicationShutdownHook] o.s.m.s.b.SimpleBrokerMessageHandler     : Stopping...
2025-07-03T06:54:02.414-04:00  INFO 10212 --- [GPS Tracker Application] [SpringApplicationShutdownHook] o.s.m.s.b.SimpleBrokerMessageHandler     : BrokerAvailabilityEvent[available=false, SimpleBrokerMessageHandler [org.springframework.messaging.simp.broker.DefaultSubscriptionRegistry@579cbf7c]]
2025-07-03T06:54:02.414-04:00  INFO 10212 --- [GPS Tracker Application] [SpringApplicationShutdownHook] o.s.m.s.b.SimpleBrokerMessageHandler     : Stopped.
2025-07-03T06:54:02.426-04:00  INFO 10212 --- [GPS Tracker Application] [SpringApplicationShutdownHook] j.LocalContainerEntityManagerFactoryBean : Closing JPA EntityManagerFactory for persistence unit 'default'
2025-07-03T06:54:02.428-04:00  INFO 10212 --- [GPS Tracker Application] [SpringApplicationShutdownHook] com.zaxxer.hikari.HikariDataSource       : HikariPool-1 - Shutdown initiated...
2025-07-03T06:54:02.429-04:00  INFO 10212 --- [GPS Tracker Application] [SpringApplicationShutdownHook] com.zaxxer.hikari.HikariDataSource       : HikariPool-1 - Shutdown completed.
